Info: Starting: Create simulation model
Info: ip-generate --project-directory=C:/Users/aniss/Desktop/MasterProject/Garduino_v1/ --output-directory=C:/Users/aniss/Desktop/MasterProject/Garduino_v1/garduino_sys_v1/simulation/ --file-set=SIM_VHDL --report-file=sopcinfo:C:/Users/aniss/Desktop/MasterProject/Garduino_v1/garduino_sys_v1.sopcinfo --report-file=html:C:/Users/aniss/Desktop/MasterProject/Garduino_v1/garduino_sys_v1.html --report-file=sip:C:/Users/aniss/Desktop/MasterProject/Garduino_v1/garduino_sys_v1/simulation/garduino_sys_v1.sip --report-file=csv:C:/Users/aniss/Desktop/MasterProject/Garduino_v1/garduino_sys_v1.csv --report-file=spd:C:/Users/aniss/Desktop/MasterProject/Garduino_v1/garduino_sys_v1.spd --report-file=cmp:C:/Users/aniss/Desktop/MasterProject/Garduino_v1/garduino_sys_v1.cmp --system-info=DEVICE_FAMILY="Cyclone II" --system-info=DEVICE=EP2C35F672C6 --system-info=DEVICE_SPEEDGRADE=6 --component-file=C:/Users/aniss/Desktop/MasterProject/Garduino_v1/garduino_sys_v1.qsys
Progress: Loading Garduino_v1/garduino_sys_v1.qsys
Progress: Reading input file
Progress: Adding clk_0 [clock_source 13.0]
Progress: Parameterizing module clk_0
Progress: Adding sys_cpu_v1 [altera_nios2_qsys 13.0]
Progress: Parameterizing module sys_cpu_v1
Progress: Adding sys_clk [altera_up_clocks 13.0]
Progress: Parameterizing module sys_clk
Progress: Adding onchip_memory2 [altera_avalon_onchip_memory2 13.0.1.99.2]
Progress: Parameterizing module onchip_memory2
Progress: Adding sdram_controller [altera_avalon_new_sdram_controller 13.0.1.99.2]
Progress: Parameterizing module sdram_controller
Progress: Adding jtag_uart [altera_avalon_jtag_uart 13.0.1.99.2]
Progress: Parameterizing module jtag_uart
Progress: Adding bluetooth_uart [altera_avalon_uart 13.0.1.99.2]
Progress: Parameterizing module bluetooth_uart
Progress: Adding sysid [altera_avalon_sysid_qsys 13.0]
Progress: Parameterizing module sysid
Progress: Adding tem_and_humidity_data [altera_avalon_pio 13.0.1.99.2]
Progress: Parameterizing module tem_and_humidity_data
Progress: Adding soil_rain_solar_data [altera_avalon_pio 13.0.1.99.2]
Progress: Parameterizing module soil_rain_solar_data
Progress: Adding Lights [altera_avalon_pio 13.0.1.99.2]
Progress: Parameterizing module Lights
Progress: Adding Fan [altera_avalon_pio 13.0.1.99.2]
Progress: Parameterizing module Fan
Progress: Adding Irrigation_Pamp [altera_avalon_pio 13.0.1.99.2]
Progress: Parameterizing module Irrigation_Pamp
Progress: Adding Roof [altera_avalon_pio 13.0.1.99.2]
Progress: Parameterizing module Roof
Progress: Adding Curtains [altera_avalon_pio 13.0.1.99.2]
Progress: Parameterizing module Curtains
Progress: Building connections
Progress: Parameterizing connections
Progress: Validating
Progress: Done reading input file
Info: garduino_sys_v1.sysid: System ID is not assigned automatically. Edit the System ID parameter to provide a unique ID
Info: garduino_sys_v1.sysid: Time stamp will be automatically updated when this component is generated.
Info: garduino_sys_v1.tem_and_humidity_data: PIO inputs are not hardwired in test bench. Undefined values will be read from PIO inputs during simulation.
Info: garduino_sys_v1.soil_rain_solar_data: PIO inputs are not hardwired in test bench. Undefined values will be read from PIO inputs during simulation.
Info: garduino_sys_v1: Generating garduino_sys_v1 "garduino_sys_v1" for SIM_VHDL
Info: pipeline_bridge_swap_transform: After transform: 15 modules, 74 connections
Info: No custom instruction connections, skipping transform 
Info: merlin_translator_transform: After transform: 30 modules, 149 connections
Info: merlin_domain_transform: After transform: 60 modules, 394 connections
Info: merlin_router_transform: After transform: 75 modules, 469 connections
Info: merlin_burst_transform: After transform: 76 modules, 474 connections
Info: reset_adaptation_transform: After transform: 78 modules, 304 connections
Info: merlin_network_to_switch_transform: After transform: 107 modules, 366 connections
Info: merlin_width_transform: After transform: 109 modules, 372 connections
Info: merlin_mm_transform: After transform: 109 modules, 372 connections
Info: merlin_interrupt_mapper_transform: After transform: 110 modules, 375 connections
Warning: garduino_sys_v1: "No matching role found for bluetooth_uart:s1:dataavailable (dataavailable)"
Warning: garduino_sys_v1: "No matching role found for bluetooth_uart:s1:readyfordata (readyfordata)"
Warning: garduino_sys_v1: "No matching role found for rst_controller:reset_out:reset_req (reset_req)"
Warning: garduino_sys_v1: "No matching role found for rst_controller:reset_out:reset_req (reset_req)"
Warning: garduino_sys_v1: "No matching role found for rst_controller:reset_out:reset_req (reset_req)"
Warning: garduino_sys_v1: "No matching role found for rst_controller:reset_out:reset_req (reset_req)"
Warning: garduino_sys_v1: "No matching role found for rst_controller:reset_out:reset_req (reset_req)"
Warning: garduino_sys_v1: "No matching role found for rst_controller:reset_out:reset_req (reset_req)"
Warning: garduino_sys_v1: "No matching role found for rst_controller:reset_out:reset_req (reset_req)"
Warning: garduino_sys_v1: "No matching role found for rst_controller:reset_out:reset_req (reset_req)"
Warning: garduino_sys_v1: "No matching role found for rst_controller:reset_out:reset_req (reset_req)"
Warning: garduino_sys_v1: "No matching role found for rst_controller:reset_out:reset_req (reset_req)"
Warning: garduino_sys_v1: "No matching role found for rst_controller:reset_out:reset_req (reset_req)"
Warning: garduino_sys_v1: "No matching role found for rst_controller:reset_out:reset_req (reset_req)"
Warning: garduino_sys_v1: "No matching role found for rst_controller:reset_out:reset_req (reset_req)"
Warning: garduino_sys_v1: "No matching role found for rst_controller:reset_out:reset_req (reset_req)"
Warning: garduino_sys_v1: "No matching role found for rst_controller:reset_out:reset_req (reset_req)"
Warning: garduino_sys_v1: "No matching role found for rst_controller:reset_out:reset_req (reset_req)"
Warning: garduino_sys_v1: "No matching role found for rst_controller:reset_out:reset_req (reset_req)"
Warning: garduino_sys_v1: "No matching role found for rst_controller:reset_out:reset_req (reset_req)"
Warning: garduino_sys_v1: "No matching role found for rst_controller:reset_out:reset_req (reset_req)"
Warning: garduino_sys_v1: "No matching role found for rst_controller:reset_out:reset_req (reset_req)"
Warning: garduino_sys_v1: "No matching role found for rst_controller:reset_out:reset_req (reset_req)"
Warning: garduino_sys_v1: "No matching role found for rst_controller:reset_out:reset_req (reset_req)"
Warning: garduino_sys_v1: "No matching role found for rst_controller:reset_out:reset_req (reset_req)"
Warning: garduino_sys_v1: "No matching role found for rst_controller:reset_out:reset_req (reset_req)"
Warning: garduino_sys_v1: "No matching role found for rst_controller:reset_out:reset_req (reset_req)"
Warning: garduino_sys_v1: "No matching role found for rst_controller:reset_out:reset_req (reset_req)"
Warning: garduino_sys_v1: "No matching role found for rst_controller:reset_out:reset_req (reset_req)"
Warning: garduino_sys_v1: "No matching role found for rst_controller:reset_out:reset_req (reset_req)"
Warning: garduino_sys_v1: "No matching role found for rst_controller:reset_out:reset_req (reset_req)"
Warning: garduino_sys_v1: "No matching role found for rst_controller:reset_out:reset_req (reset_req)"
Warning: garduino_sys_v1: "No matching role found for rst_controller:reset_out:reset_req (reset_req)"
Warning: garduino_sys_v1: "No matching role found for rst_controller:reset_out:reset_req (reset_req)"
Warning: garduino_sys_v1: "No matching role found for rst_controller:reset_out:reset_req (reset_req)"
Warning: garduino_sys_v1: "No matching role found for rst_controller:reset_out:reset_req (reset_req)"
Warning: garduino_sys_v1: "No matching role found for rst_controller:reset_out:reset_req (reset_req)"
Warning: garduino_sys_v1: "No matching role found for rst_controller:reset_out:reset_req (reset_req)"
Warning: garduino_sys_v1: "No matching role found for rst_controller:reset_out:reset_req (reset_req)"
Warning: garduino_sys_v1: "No matching role found for rst_controller:reset_out:reset_req (reset_req)"
Warning: garduino_sys_v1: "No matching role found for rst_controller:reset_out:reset_req (reset_req)"
Warning: garduino_sys_v1: "No matching role found for rst_controller:reset_out:reset_req (reset_req)"
Warning: garduino_sys_v1: "No matching role found for rst_controller:reset_out:reset_req (reset_req)"
Warning: garduino_sys_v1: "No matching role found for rst_controller:reset_out:reset_req (reset_req)"
Warning: garduino_sys_v1: "No matching role found for rst_controller:reset_out:reset_req (reset_req)"
Warning: garduino_sys_v1: "No matching role found for rst_controller:reset_out:reset_req (reset_req)"
Warning: garduino_sys_v1: "No matching role found for rst_controller:reset_out:reset_req (reset_req)"
Warning: garduino_sys_v1: "No matching role found for rst_controller:reset_out:reset_req (reset_req)"
Warning: garduino_sys_v1: "No matching role found for rst_controller:reset_out:reset_req (reset_req)"
Warning: garduino_sys_v1: "No matching role found for rst_controller:reset_out:reset_req (reset_req)"
Warning: garduino_sys_v1: "No matching role found for rst_controller:reset_out:reset_req (reset_req)"
Warning: garduino_sys_v1: "No matching role found for rst_controller:reset_out:reset_req (reset_req)"
Warning: garduino_sys_v1: "No matching role found for rst_controller:reset_out:reset_req (reset_req)"
Warning: garduino_sys_v1: "No matching role found for rst_controller:reset_out:reset_req (reset_req)"
Warning: garduino_sys_v1: "No matching role found for rst_controller:reset_out:reset_req (reset_req)"
Warning: garduino_sys_v1: "No matching role found for rst_controller:reset_out:reset_req (reset_req)"
Warning: garduino_sys_v1: "No matching role found for rst_controller:reset_out:reset_req (reset_req)"
Warning: garduino_sys_v1: "No matching role found for rst_controller:reset_out:reset_req (reset_req)"
Warning: garduino_sys_v1: "No matching role found for rst_controller:reset_out:reset_req (reset_req)"
Warning: garduino_sys_v1: "No matching role found for rst_controller:reset_out:reset_req (reset_req)"
Warning: garduino_sys_v1: "No matching role found for rst_controller:reset_out:reset_req (reset_req)"
Warning: garduino_sys_v1: "No matching role found for rst_controller:reset_out:reset_req (reset_req)"
Warning: garduino_sys_v1: "No matching role found for rst_controller:reset_out:reset_req (reset_req)"
Warning: garduino_sys_v1: "No matching role found for rst_controller:reset_out:reset_req (reset_req)"
Warning: garduino_sys_v1: "No matching role found for rst_controller:reset_out:reset_req (reset_req)"
Warning: garduino_sys_v1: "No matching role found for rst_controller:reset_out:reset_req (reset_req)"
Warning: garduino_sys_v1: "No matching role found for rst_controller:reset_out:reset_req (reset_req)"
Warning: garduino_sys_v1: "No matching role found for rst_controller:reset_out:reset_req (reset_req)"
Warning: garduino_sys_v1: "No matching role found for rst_controller:reset_out:reset_req (reset_req)"
Warning: garduino_sys_v1: "No matching role found for rst_controller:reset_out:reset_req (reset_req)"
Warning: garduino_sys_v1: "No matching role found for rst_controller:reset_out:reset_req (reset_req)"
Warning: garduino_sys_v1: "No matching role found for rst_controller:reset_out:reset_req (reset_req)"
Warning: garduino_sys_v1: "No matching role found for rst_controller:reset_out:reset_req (reset_req)"
Warning: garduino_sys_v1: "No matching role found for rst_controller:reset_out:reset_req (reset_req)"
Warning: garduino_sys_v1: "No matching role found for rst_controller:reset_out:reset_req (reset_req)"
Warning: garduino_sys_v1: "No matching role found for rst_controller:reset_out:reset_req (reset_req)"
Warning: garduino_sys_v1: "No matching role found for rst_controller:reset_out:reset_req (reset_req)"
Warning: garduino_sys_v1: "No matching role found for rst_controller:reset_out:reset_req (reset_req)"
Warning: garduino_sys_v1: "No matching role found for rst_controller:reset_out:reset_req (reset_req)"
Warning: garduino_sys_v1: "No matching role found for rst_controller:reset_out:reset_req (reset_req)"
Warning: garduino_sys_v1: "No matching role found for rst_controller:reset_out:reset_req (reset_req)"
Warning: garduino_sys_v1: "No matching role found for rst_controller:reset_out:reset_req (reset_req)"
Warning: garduino_sys_v1: "No matching role found for rst_controller:reset_out:reset_req (reset_req)"
Warning: garduino_sys_v1: "No matching role found for rst_controller:reset_out:reset_req (reset_req)"
Warning: garduino_sys_v1: "No matching role found for rst_controller:reset_out:reset_req (reset_req)"
Warning: garduino_sys_v1: "No matching role found for rst_controller:reset_out:reset_req (reset_req)"
Warning: garduino_sys_v1: "No matching role found for rst_controller:reset_out:reset_req (reset_req)"
Warning: garduino_sys_v1: "No matching role found for rst_controller:reset_out:reset_req (reset_req)"
Warning: garduino_sys_v1: "No matching role found for rst_controller:reset_out:reset_req (reset_req)"
Warning: garduino_sys_v1: "No matching role found for rst_controller:reset_out:reset_req (reset_req)"
Warning: garduino_sys_v1: "No matching role found for rst_controller:reset_out:reset_req (reset_req)"
Warning: garduino_sys_v1: "No matching role found for rst_controller:reset_out:reset_req (reset_req)"
Warning: garduino_sys_v1: "No matching role found for rst_controller:reset_out:reset_req (reset_req)"
Warning: garduino_sys_v1: "No matching role found for rst_controller:reset_out:reset_req (reset_req)"
Warning: garduino_sys_v1: "No matching role found for rst_controller:reset_out:reset_req (reset_req)"
Warning: garduino_sys_v1: "No matching role found for rst_controller:reset_out:reset_req (reset_req)"
Warning: garduino_sys_v1: "No matching role found for rst_controller:reset_out:reset_req (reset_req)"
Warning: garduino_sys_v1: "No matching role found for rst_controller:reset_out:reset_req (reset_req)"
Warning: garduino_sys_v1: "No matching role found for rst_controller:reset_out:reset_req (reset_req)"
Warning: garduino_sys_v1: "No matching role found for rst_controller:reset_out:reset_req (reset_req)"
Warning: garduino_sys_v1: "No matching role found for rst_controller:reset_out:reset_req (reset_req)"
Warning: garduino_sys_v1: "No matching role found for rst_controller:reset_out:reset_req (reset_req)"
Warning: garduino_sys_v1: "No matching role found for rst_controller:reset_out:reset_req (reset_req)"
Warning: garduino_sys_v1: "No matching role found for rst_controller:reset_out:reset_req (reset_req)"
Warning: garduino_sys_v1: "No matching role found for rst_controller:reset_out:reset_req (reset_req)"
Warning: garduino_sys_v1: "No matching role found for rst_controller:reset_out:reset_req (reset_req)"
Warning: garduino_sys_v1: "No matching role found for rst_controller:reset_out:reset_req (reset_req)"
Info: sys_cpu_v1: Starting RTL generation for module 'garduino_sys_v1_sys_cpu_v1'
Info: sys_cpu_v1:   Generation command is [exec C:/altera/13.0sp1/quartus/../ip/altera/nios2_ip/altera_nios2/eperl.exe -I C:/altera/13.0sp1/quartus/common/ip/altera/common/perl/5.8.3 -I C:/altera/13.0sp1/quartus/sopc_builder/bin/europa -I C:/altera/13.0sp1/quartus/sopc_builder/bin/perl_lib -I C:/altera/13.0sp1/quartus/sopc_builder/bin -I C:/altera/13.0sp1/quartus/../ip/altera/nios2_ip/altera_nios2/cpu_lib -I C:/altera/13.0sp1/quartus/../ip/altera/nios2_ip/altera_nios2/nios_lib -I C:/altera/13.0sp1/quartus/../ip/altera/nios2_ip/altera_nios2 -I C:/altera/13.0sp1/quartus/../ip/altera/nios2_ip/altera_nios2 -- C:/altera/13.0sp1/quartus/../ip/altera/nios2_ip/altera_nios2/generate_rtl.epl --name=garduino_sys_v1_sys_cpu_v1 --dir=C:/Users/aniss/AppData/Local/Temp/alt8489_2595075752520394243.dir/0001_sys_cpu_v1_gen/ --quartus_dir=C:/altera/13.0sp1/quartus --vhdl --config=C:/Users/aniss/AppData/Local/Temp/alt8489_2595075752520394243.dir/0001_sys_cpu_v1_gen//garduino_sys_v1_sys_cpu_v1_processor_configuration.pl  --do_build_sim=1    --sim_dir=C:/Users/aniss/AppData/Local/Temp/alt8489_2595075752520394243.dir/0001_sys_cpu_v1_gen/    --bogus  ]
Info: sys_cpu_v1: # 2020.08.15 02:29:50 (*) Starting Nios II generation
Info: sys_cpu_v1: # 2020.08.15 02:29:50 (*)   Checking for plaintext license.
Info: sys_cpu_v1: # 2020.08.15 02:29:51 (*)   Couldn't query license setup in Quartus directory C:/altera/13.0sp1/quartus
Info: sys_cpu_v1: # 2020.08.15 02:29:51 (*)   Defaulting to contents of LM_LICENSE_FILE environment variable
Info: sys_cpu_v1: # 2020.08.15 02:29:51 (*)   LM_LICENSE_FILE environment variable is empty
Info: sys_cpu_v1: # 2020.08.15 02:29:51 (*)   Plaintext license not found.
Info: sys_cpu_v1: # 2020.08.15 02:29:51 (*)   No license required to generate encrypted Nios II/e.
Info: sys_cpu_v1: # 2020.08.15 02:29:51 (*)   Elaborating CPU configuration settings
Info: sys_cpu_v1: # 2020.08.15 02:29:51 (*)   Creating all objects for CPU
Info: sys_cpu_v1: # 2020.08.15 02:29:53 (*)   Creating 'C:/Users/aniss/AppData/Local/Temp/alt8489_2595075752520394243.dir/0001_sys_cpu_v1_gen//garduino_sys_v1_sys_cpu_v1_nios2_waves.do'
Info: sys_cpu_v1: # 2020.08.15 02:29:53 (*)   Generating RTL from CPU objects
Info: sys_cpu_v1: # 2020.08.15 02:29:53 (*)   Creating plain-text RTL
Info: sys_cpu_v1: # 2020.08.15 02:29:56 (*) Done Nios II generation
Info: sys_cpu_v1: Done RTL generation for module 'garduino_sys_v1_sys_cpu_v1'
Info: sys_cpu_v1: "garduino_sys_v1" instantiated altera_nios2_qsys "sys_cpu_v1"
Info: sys_clk: Starting Generation of Required Clocks for DE-Series Boards
Info: sys_clk: "garduino_sys_v1" instantiated altera_up_clocks "sys_clk"
Info: onchip_memory2: Starting RTL generation for module 'garduino_sys_v1_onchip_memory2'
Info: onchip_memory2:   Generation command is [exec C:/altera/13.0sp1/quartus/bin/perl/bin/perl.exe -I C:/altera/13.0sp1/quartus/common/ip/altera/common/perl/5.8.3 -I C:/altera/13.0sp1/quartus/sopc_builder/bin/europa -I C:/altera/13.0sp1/quartus/sopc_builder/bin/perl_lib -I C:/altera/13.0sp1/quartus/sopc_builder/bin -I C:/altera/13.0sp1/quartus/../ip/altera/sopc_builder_ip/common -I C:/altera/13.0sp1/quartus/../ip/altera/sopc_builder_ip/altera_avalon_onchip_memory2 -- C:/altera/13.0sp1/quartus/../ip/altera/sopc_builder_ip/altera_avalon_onchip_memory2/generate_rtl.pl --name=garduino_sys_v1_onchip_memory2 --dir=C:/Users/aniss/AppData/Local/Temp/alt8489_2595075752520394243.dir/0003_onchip_memory2_gen/ --quartus_dir=C:/altera/13.0sp1/quartus --vhdl --config=C:/Users/aniss/AppData/Local/Temp/alt8489_2595075752520394243.dir/0003_onchip_memory2_gen//garduino_sys_v1_onchip_memory2_component_configuration.pl  --do_build_sim=1    --sim_dir=C:/Users/aniss/AppData/Local/Temp/alt8489_2595075752520394243.dir/0003_onchip_memory2_gen/  ]
Info: onchip_memory2: Done RTL generation for module 'garduino_sys_v1_onchip_memory2'
Info: onchip_memory2: "garduino_sys_v1" instantiated altera_avalon_onchip_memory2 "onchip_memory2"
Info: sdram_controller: Starting RTL generation for module 'garduino_sys_v1_sdram_controller'
Info: sdram_controller:   Generation command is [exec C:/altera/13.0sp1/quartus/bin/perl/bin/perl.exe -I C:/altera/13.0sp1/quartus/common/ip/altera/common/perl/5.8.3 -I C:/altera/13.0sp1/quartus/sopc_builder/bin/europa -I C:/altera/13.0sp1/quartus/sopc_builder/bin/perl_lib -I C:/altera/13.0sp1/quartus/sopc_builder/bin -I C:/altera/13.0sp1/quartus/../ip/altera/sopc_builder_ip/common -I C:/altera/13.0sp1/quartus/../ip/altera/sopc_builder_ip/altera_avalon_new_sdram_controller -- C:/altera/13.0sp1/quartus/../ip/altera/sopc_builder_ip/altera_avalon_new_sdram_controller/generate_rtl.pl --name=garduino_sys_v1_sdram_controller --dir=C:/Users/aniss/AppData/Local/Temp/alt8489_2595075752520394243.dir/0004_sdram_controller_gen/ --quartus_dir=C:/altera/13.0sp1/quartus --vhdl --config=C:/Users/aniss/AppData/Local/Temp/alt8489_2595075752520394243.dir/0004_sdram_controller_gen//garduino_sys_v1_sdram_controller_component_configuration.pl  --do_build_sim=1    --sim_dir=C:/Users/aniss/AppData/Local/Temp/alt8489_2595075752520394243.dir/0004_sdram_controller_gen/  ]
Info: sdram_controller: Done RTL generation for module 'garduino_sys_v1_sdram_controller'
Info: sdram_controller: "garduino_sys_v1" instantiated altera_avalon_new_sdram_controller "sdram_controller"
Info: jtag_uart: Starting RTL generation for module 'garduino_sys_v1_jtag_uart'
Info: jtag_uart:   Generation command is [exec C:/altera/13.0sp1/quartus/bin/perl/bin/perl.exe -I C:/altera/13.0sp1/quartus/common/ip/altera/common/perl/5.8.3 -I C:/altera/13.0sp1/quartus/sopc_builder/bin/europa -I C:/altera/13.0sp1/quartus/sopc_builder/bin/perl_lib -I C:/altera/13.0sp1/quartus/sopc_builder/bin -I C:/altera/13.0sp1/quartus/../ip/altera/sopc_builder_ip/common -I C:/altera/13.0sp1/quartus/../ip/altera/sopc_builder_ip/altera_avalon_jtag_uart -- C:/altera/13.0sp1/quartus/../ip/altera/sopc_builder_ip/altera_avalon_jtag_uart/generate_rtl.pl --name=garduino_sys_v1_jtag_uart --dir=C:/Users/aniss/AppData/Local/Temp/alt8489_2595075752520394243.dir/0005_jtag_uart_gen/ --quartus_dir=C:/altera/13.0sp1/quartus --vhdl --config=C:/Users/aniss/AppData/Local/Temp/alt8489_2595075752520394243.dir/0005_jtag_uart_gen//garduino_sys_v1_jtag_uart_component_configuration.pl  --do_build_sim=1    --sim_dir=C:/Users/aniss/AppData/Local/Temp/alt8489_2595075752520394243.dir/0005_jtag_uart_gen/  ]
Info: jtag_uart: Done RTL generation for module 'garduino_sys_v1_jtag_uart'
Info: jtag_uart: "garduino_sys_v1" instantiated altera_avalon_jtag_uart "jtag_uart"
Info: bluetooth_uart: Starting RTL generation for module 'garduino_sys_v1_bluetooth_uart'
Info: bluetooth_uart:   Generation command is [exec C:/altera/13.0sp1/quartus/bin/perl/bin/perl.exe -I C:/altera/13.0sp1/quartus/common/ip/altera/common/perl/5.8.3 -I C:/altera/13.0sp1/quartus/sopc_builder/bin/europa -I C:/altera/13.0sp1/quartus/sopc_builder/bin/perl_lib -I C:/altera/13.0sp1/quartus/sopc_builder/bin -I C:/altera/13.0sp1/quartus/../ip/altera/sopc_builder_ip/common -I C:/altera/13.0sp1/quartus/../ip/altera/sopc_builder_ip/altera_avalon_uart -- C:/altera/13.0sp1/quartus/../ip/altera/sopc_builder_ip/altera_avalon_uart/generate_rtl.pl --name=garduino_sys_v1_bluetooth_uart --dir=C:/Users/aniss/AppData/Local/Temp/alt8489_2595075752520394243.dir/0006_bluetooth_uart_gen/ --quartus_dir=C:/altera/13.0sp1/quartus --vhdl --config=C:/Users/aniss/AppData/Local/Temp/alt8489_2595075752520394243.dir/0006_bluetooth_uart_gen//garduino_sys_v1_bluetooth_uart_component_configuration.pl  --do_build_sim=1    --sim_dir=C:/Users/aniss/AppData/Local/Temp/alt8489_2595075752520394243.dir/0006_bluetooth_uart_gen/  ]
Info: bluetooth_uart: Done RTL generation for module 'garduino_sys_v1_bluetooth_uart'
Info: bluetooth_uart: "garduino_sys_v1" instantiated altera_avalon_uart "bluetooth_uart"
Info: sysid: Generating VHDL simulation model
Warning: Parallel compilation is not licensed and has been disabled
Info: sysid: Generated simulation model garduino_sys_v1_sysid.vho
Info: sysid: "garduino_sys_v1" instantiated altera_avalon_sysid_qsys "sysid"
Info: tem_and_humidity_data: Starting RTL generation for module 'garduino_sys_v1_tem_and_humidity_data'
Info: tem_and_humidity_data:   Generation command is [exec C:/altera/13.0sp1/quartus/bin/perl/bin/perl.exe -I C:/altera/13.0sp1/quartus/common/ip/altera/common/perl/5.8.3 -I C:/altera/13.0sp1/quartus/sopc_builder/bin/europa -I C:/altera/13.0sp1/quartus/sopc_builder/bin/perl_lib -I C:/altera/13.0sp1/quartus/sopc_builder/bin -I C:/altera/13.0sp1/quartus/../ip/altera/sopc_builder_ip/common -I C:/altera/13.0sp1/quartus/../ip/altera/sopc_builder_ip/altera_avalon_pio -- C:/altera/13.0sp1/quartus/../ip/altera/sopc_builder_ip/altera_avalon_pio/generate_rtl.pl --name=garduino_sys_v1_tem_and_humidity_data --dir=C:/Users/aniss/AppData/Local/Temp/alt8489_2595075752520394243.dir/0010_tem_and_humidity_data_gen/ --quartus_dir=C:/altera/13.0sp1/quartus --vhdl --config=C:/Users/aniss/AppData/Local/Temp/alt8489_2595075752520394243.dir/0010_tem_and_humidity_data_gen//garduino_sys_v1_tem_and_humidity_data_component_configuration.pl  --do_build_sim=1    --sim_dir=C:/Users/aniss/AppData/Local/Temp/alt8489_2595075752520394243.dir/0010_tem_and_humidity_data_gen/  ]
Info: tem_and_humidity_data: Done RTL generation for module 'garduino_sys_v1_tem_and_humidity_data'
Info: tem_and_humidity_data: "garduino_sys_v1" instantiated altera_avalon_pio "tem_and_humidity_data"
Info: soil_rain_solar_data: Starting RTL generation for module 'garduino_sys_v1_soil_rain_solar_data'
Info: soil_rain_solar_data:   Generation command is [exec C:/altera/13.0sp1/quartus/bin/perl/bin/perl.exe -I C:/altera/13.0sp1/quartus/common/ip/altera/common/perl/5.8.3 -I C:/altera/13.0sp1/quartus/sopc_builder/bin/europa -I C:/altera/13.0sp1/quartus/sopc_builder/bin/perl_lib -I C:/altera/13.0sp1/quartus/sopc_builder/bin -I C:/altera/13.0sp1/quartus/../ip/altera/sopc_builder_ip/common -I C:/altera/13.0sp1/quartus/../ip/altera/sopc_builder_ip/altera_avalon_pio -- C:/altera/13.0sp1/quartus/../ip/altera/sopc_builder_ip/altera_avalon_pio/generate_rtl.pl --name=garduino_sys_v1_soil_rain_solar_data --dir=C:/Users/aniss/AppData/Local/Temp/alt8489_2595075752520394243.dir/0011_soil_rain_solar_data_gen/ --quartus_dir=C:/altera/13.0sp1/quartus --vhdl --config=C:/Users/aniss/AppData/Local/Temp/alt8489_2595075752520394243.dir/0011_soil_rain_solar_data_gen//garduino_sys_v1_soil_rain_solar_data_component_configuration.pl  --do_build_sim=1    --sim_dir=C:/Users/aniss/AppData/Local/Temp/alt8489_2595075752520394243.dir/0011_soil_rain_solar_data_gen/  ]
Info: soil_rain_solar_data: Done RTL generation for module 'garduino_sys_v1_soil_rain_solar_data'
Info: soil_rain_solar_data: "garduino_sys_v1" instantiated altera_avalon_pio "soil_rain_solar_data"
Info: Lights: Starting RTL generation for module 'garduino_sys_v1_Lights'
Info: Lights:   Generation command is [exec C:/altera/13.0sp1/quartus/bin/perl/bin/perl.exe -I C:/altera/13.0sp1/quartus/common/ip/altera/common/perl/5.8.3 -I C:/altera/13.0sp1/quartus/sopc_builder/bin/europa -I C:/altera/13.0sp1/quartus/sopc_builder/bin/perl_lib -I C:/altera/13.0sp1/quartus/sopc_builder/bin -I C:/altera/13.0sp1/quartus/../ip/altera/sopc_builder_ip/common -I C:/altera/13.0sp1/quartus/../ip/altera/sopc_builder_ip/altera_avalon_pio -- C:/altera/13.0sp1/quartus/../ip/altera/sopc_builder_ip/altera_avalon_pio/generate_rtl.pl --name=garduino_sys_v1_Lights --dir=C:/Users/aniss/AppData/Local/Temp/alt8489_2595075752520394243.dir/0012_Lights_gen/ --quartus_dir=C:/altera/13.0sp1/quartus --vhdl --config=C:/Users/aniss/AppData/Local/Temp/alt8489_2595075752520394243.dir/0012_Lights_gen//garduino_sys_v1_Lights_component_configuration.pl  --do_build_sim=1    --sim_dir=C:/Users/aniss/AppData/Local/Temp/alt8489_2595075752520394243.dir/0012_Lights_gen/  ]
Info: Lights: Done RTL generation for module 'garduino_sys_v1_Lights'
Info: Lights: "garduino_sys_v1" instantiated altera_avalon_pio "Lights"
Info: Roof: Starting RTL generation for module 'garduino_sys_v1_Roof'
Info: Roof:   Generation command is [exec C:/altera/13.0sp1/quartus/bin/perl/bin/perl.exe -I C:/altera/13.0sp1/quartus/common/ip/altera/common/perl/5.8.3 -I C:/altera/13.0sp1/quartus/sopc_builder/bin/europa -I C:/altera/13.0sp1/quartus/sopc_builder/bin/perl_lib -I C:/altera/13.0sp1/quartus/sopc_builder/bin -I C:/altera/13.0sp1/quartus/../ip/altera/sopc_builder_ip/common -I C:/altera/13.0sp1/quartus/../ip/altera/sopc_builder_ip/altera_avalon_pio -- C:/altera/13.0sp1/quartus/../ip/altera/sopc_builder_ip/altera_avalon_pio/generate_rtl.pl --name=garduino_sys_v1_Roof --dir=C:/Users/aniss/AppData/Local/Temp/alt8489_2595075752520394243.dir/0013_Roof_gen/ --quartus_dir=C:/altera/13.0sp1/quartus --vhdl --config=C:/Users/aniss/AppData/Local/Temp/alt8489_2595075752520394243.dir/0013_Roof_gen//garduino_sys_v1_Roof_component_configuration.pl  --do_build_sim=1    --sim_dir=C:/Users/aniss/AppData/Local/Temp/alt8489_2595075752520394243.dir/0013_Roof_gen/  ]
Info: Roof: Done RTL generation for module 'garduino_sys_v1_Roof'
Info: Roof: "garduino_sys_v1" instantiated altera_avalon_pio "Roof"
Info: Curtains: Starting RTL generation for module 'garduino_sys_v1_Curtains'
Info: Curtains:   Generation command is [exec C:/altera/13.0sp1/quartus/bin/perl/bin/perl.exe -I C:/altera/13.0sp1/quartus/common/ip/altera/common/perl/5.8.3 -I C:/altera/13.0sp1/quartus/sopc_builder/bin/europa -I C:/altera/13.0sp1/quartus/sopc_builder/bin/perl_lib -I C:/altera/13.0sp1/quartus/sopc_builder/bin -I C:/altera/13.0sp1/quartus/../ip/altera/sopc_builder_ip/common -I C:/altera/13.0sp1/quartus/../ip/altera/sopc_builder_ip/altera_avalon_pio -- C:/altera/13.0sp1/quartus/../ip/altera/sopc_builder_ip/altera_avalon_pio/generate_rtl.pl --name=garduino_sys_v1_Curtains --dir=C:/Users/aniss/AppData/Local/Temp/alt8489_2595075752520394243.dir/0014_Curtains_gen/ --quartus_dir=C:/altera/13.0sp1/quartus --vhdl --config=C:/Users/aniss/AppData/Local/Temp/alt8489_2595075752520394243.dir/0014_Curtains_gen//garduino_sys_v1_Curtains_component_configuration.pl  --do_build_sim=1    --sim_dir=C:/Users/aniss/AppData/Local/Temp/alt8489_2595075752520394243.dir/0014_Curtains_gen/  ]
Info: Curtains: Done RTL generation for module 'garduino_sys_v1_Curtains'
Info: Curtains: "garduino_sys_v1" instantiated altera_avalon_pio "Curtains"
Info: sys_cpu_v1_instruction_master_translator: "garduino_sys_v1" instantiated altera_merlin_master_translator "sys_cpu_v1_instruction_master_translator"
Info: sys_cpu_v1_jtag_debug_module_translator: "garduino_sys_v1" instantiated altera_merlin_slave_translator "sys_cpu_v1_jtag_debug_module_translator"
Info: sys_cpu_v1_instruction_master_translator_avalon_universal_master_0_agent: "garduino_sys_v1" instantiated altera_merlin_master_agent "sys_cpu_v1_instruction_master_translator_avalon_universal_master_0_agent"
Info: sys_cpu_v1_jtag_debug_module_translator_avalon_universal_slave_0_agent: "garduino_sys_v1" instantiated altera_merlin_slave_agent "sys_cpu_v1_jtag_debug_module_translator_avalon_universal_slave_0_agent"
Info: sys_cpu_v1_jtag_debug_module_translator_avalon_universal_slave_0_agent_rsp_fifo: Generating VHDL simulation model
Warning: Parallel compilation is not licensed and has been disabled
Info: sys_cpu_v1_jtag_debug_module_translator_avalon_universal_slave_0_agent_rsp_fifo: Generated simulation model garduino_sys_v1_sys_cpu_v1_jtag_debug_module_translator_avalon_universal_slave_0_agent_rsp_fifo.vho
Info: sys_cpu_v1_jtag_debug_module_translator_avalon_universal_slave_0_agent_rsp_fifo: "garduino_sys_v1" instantiated altera_avalon_sc_fifo "sys_cpu_v1_jtag_debug_module_translator_avalon_universal_slave_0_agent_rsp_fifo"
Info: sdram_controller_s1_translator_avalon_universal_slave_0_agent_rsp_fifo: Generating VHDL simulation model
Warning: Parallel compilation is not licensed and has been disabled
Info: sdram_controller_s1_translator_avalon_universal_slave_0_agent_rsp_fifo: Generated simulation model garduino_sys_v1_sdram_controller_s1_translator_avalon_universal_slave_0_agent_rsp_fifo.vho
Info: sdram_controller_s1_translator_avalon_universal_slave_0_agent_rsp_fifo: "garduino_sys_v1" instantiated altera_avalon_sc_fifo "sdram_controller_s1_translator_avalon_universal_slave_0_agent_rsp_fifo"
Info: sdram_controller_s1_translator_avalon_universal_slave_0_agent_rdata_fifo: Generating VHDL simulation model
Warning: Parallel compilation is not licensed and has been disabled
Info: sdram_controller_s1_translator_avalon_universal_slave_0_agent_rdata_fifo: Generated simulation model garduino_sys_v1_sdram_controller_s1_translator_avalon_universal_slave_0_agent_rdata_fifo.vho
Info: sdram_controller_s1_translator_avalon_universal_slave_0_agent_rdata_fifo: "garduino_sys_v1" instantiated altera_avalon_sc_fifo "sdram_controller_s1_translator_avalon_universal_slave_0_agent_rdata_fifo"
Warning: Parallel compilation is not licensed and has been disabled
Info: addr_router: "garduino_sys_v1" instantiated altera_merlin_router "addr_router"
Warning: Parallel compilation is not licensed and has been disabled
Info: addr_router_001: "garduino_sys_v1" instantiated altera_merlin_router "addr_router_001"
Warning: Parallel compilation is not licensed and has been disabled
Info: id_router: "garduino_sys_v1" instantiated altera_merlin_router "id_router"
Warning: Parallel compilation is not licensed and has been disabled
Info: id_router_002: "garduino_sys_v1" instantiated altera_merlin_router "id_router_002"
Warning: Parallel compilation is not licensed and has been disabled
Info: id_router_003: "garduino_sys_v1" instantiated altera_merlin_router "id_router_003"
Info: burst_adapter: "garduino_sys_v1" instantiated altera_merlin_burst_adapter "burst_adapter"
Info: rst_controller: "garduino_sys_v1" instantiated altera_reset_controller "rst_controller"
Info: cmd_xbar_demux: Generating VHDL simulation model
Warning: Parallel compilation is not licensed and has been disabled
Info: cmd_xbar_demux: Generated simulation model garduino_sys_v1_cmd_xbar_demux.vho
Info: cmd_xbar_demux: "garduino_sys_v1" instantiated altera_merlin_demultiplexer "cmd_xbar_demux"
Info: cmd_xbar_demux_001: Generating VHDL simulation model
Warning: Parallel compilation is not licensed and has been disabled
Info: cmd_xbar_demux_001: Generated simulation model garduino_sys_v1_cmd_xbar_demux_001.vho
Info: cmd_xbar_demux_001: "garduino_sys_v1" instantiated altera_merlin_demultiplexer "cmd_xbar_demux_001"
Info: cmd_xbar_mux: Generating VHDL simulation model
Warning: Parallel compilation is not licensed and has been disabled
Info: cmd_xbar_mux: Generated simulation model garduino_sys_v1_cmd_xbar_mux.vho
Info: cmd_xbar_mux: "garduino_sys_v1" instantiated altera_merlin_multiplexer "cmd_xbar_mux"
Info: rsp_xbar_demux: Generating VHDL simulation model
Warning: Parallel compilation is not licensed and has been disabled
Info: rsp_xbar_demux: Generated simulation model garduino_sys_v1_rsp_xbar_demux.vho
Info: rsp_xbar_demux: "garduino_sys_v1" instantiated altera_merlin_demultiplexer "rsp_xbar_demux"
Info: rsp_xbar_demux_003: Generating VHDL simulation model
Warning: Parallel compilation is not licensed and has been disabled
Info: rsp_xbar_demux_003: Generated simulation model garduino_sys_v1_rsp_xbar_demux_003.vho
Info: rsp_xbar_demux_003: "garduino_sys_v1" instantiated altera_merlin_demultiplexer "rsp_xbar_demux_003"
Info: rsp_xbar_mux: Generating VHDL simulation model
Warning: Parallel compilation is not licensed and has been disabled
Info: rsp_xbar_mux: Generated simulation model garduino_sys_v1_rsp_xbar_mux.vho
Info: rsp_xbar_mux: "garduino_sys_v1" instantiated altera_merlin_multiplexer "rsp_xbar_mux"
Info: rsp_xbar_mux_001: Generating VHDL simulation model
Warning: Parallel compilation is not licensed and has been disabled
Info: rsp_xbar_mux_001: Generated simulation model garduino_sys_v1_rsp_xbar_mux_001.vho
Info: rsp_xbar_mux_001: "garduino_sys_v1" instantiated altera_merlin_multiplexer "rsp_xbar_mux_001"
Info: width_adapter: "garduino_sys_v1" instantiated altera_merlin_width_adapter "width_adapter"
Info: Reusing file C:/Users/aniss/Desktop/MasterProject/Garduino_v1/garduino_sys_v1/simulation/submodules/mentor/altera_merlin_address_alignment.sv
Info: Reusing file C:/Users/aniss/Desktop/MasterProject/Garduino_v1/garduino_sys_v1/simulation/submodules/mentor/altera_merlin_burst_uncompressor.sv
Info: Reusing file C:/Users/aniss/Desktop/MasterProject/Garduino_v1/garduino_sys_v1/simulation/submodules/aldec/altera_merlin_address_alignment.sv
Info: Reusing file C:/Users/aniss/Desktop/MasterProject/Garduino_v1/garduino_sys_v1/simulation/submodules/aldec/altera_merlin_burst_uncompressor.sv
Info: irq_mapper: Generating VHDL simulation model
Warning: Parallel compilation is not licensed and has been disabled
Info: irq_mapper: Generated simulation model garduino_sys_v1_irq_mapper.vho
Info: irq_mapper: "garduino_sys_v1" instantiated altera_irq_mapper "irq_mapper"
Info: garduino_sys_v1: Done garduino_sys_v1" with 36 modules, 252 files, 12211635 bytes
Info: ip-generate succeeded.
Info: Finished: Create simulation model
Info: Starting: Create Modelsim Project.
Info: sim-script-gen --spd=C:/Users/aniss/Desktop/MasterProject/Garduino_v1/garduino_sys_v1.spd --output-directory=C:/Users/aniss/Desktop/MasterProject/Garduino_v1/garduino_sys_v1/simulation/
Info: Doing: ip-make-simscript --spd=C:/Users/aniss/Desktop/MasterProject/Garduino_v1/garduino_sys_v1.spd --output-directory=C:/Users/aniss/Desktop/MasterProject/Garduino_v1/garduino_sys_v1/simulation/
Info: Generating the following file(s) for MODELSIM simulator in C:/Users/aniss/Desktop/MasterProject/Garduino_v1/garduino_sys_v1/simulation/ directory:
Info: 	mentor/msim_setup.tcl
Info: Skipping VCS script generation since VHDL file $QUARTUS_INSTALL_DIR/eda/sim_lib/altera_syn_attributes.vhd is required for simulation
Info: Generating the following file(s) for VCSMX simulator in C:/Users/aniss/Desktop/MasterProject/Garduino_v1/garduino_sys_v1/simulation/ directory:
Info: 	synopsys/vcsmx/synopsys_sim.setup
Info: 	synopsys/vcsmx/vcsmx_setup.sh
Info: Generating the following file(s) for NCSIM simulator in C:/Users/aniss/Desktop/MasterProject/Garduino_v1/garduino_sys_v1/simulation/ directory:
Info: 	cadence/cds.lib
Info: 	cadence/hdl.var
Info: 	cadence/ncsim_setup.sh
Info: 	28 .cds.lib files in cadence/cds_libs/ directory
Info: Generating the following file(s) for RIVIERAPRO simulator in C:/Users/aniss/Desktop/MasterProject/Garduino_v1/garduino_sys_v1/simulation/ directory:
Info: 	aldec/rivierapro_setup.tcl
Info: Finished: Create Modelsim Project.
Info: Starting: Create block symbol file (.bsf)
Info: ip-generate --project-directory=C:/Users/aniss/Desktop/MasterProject/Garduino_v1/ --output-directory=C:/Users/aniss/Desktop/MasterProject/Garduino_v1/garduino_sys_v1/ --report-file=bsf:C:/Users/aniss/Desktop/MasterProject/Garduino_v1/garduino_sys_v1.bsf --system-info=DEVICE_FAMILY="Cyclone II" --system-info=DEVICE=EP2C35F672C6 --system-info=DEVICE_SPEEDGRADE=6 --component-file=C:/Users/aniss/Desktop/MasterProject/Garduino_v1/garduino_sys_v1.qsys
Progress: Loading Garduino_v1/garduino_sys_v1.qsys
Progress: Reading input file
Progress: Adding clk_0 [clock_source 13.0]
Progress: Parameterizing module clk_0
Progress: Adding sys_cpu_v1 [altera_nios2_qsys 13.0]
Progress: Parameterizing module sys_cpu_v1
Progress: Adding sys_clk [altera_up_clocks 13.0]
Progress: Parameterizing module sys_clk
Progress: Adding onchip_memory2 [altera_avalon_onchip_memory2 13.0.1.99.2]
Progress: Parameterizing module onchip_memory2
Progress: Adding sdram_controller [altera_avalon_new_sdram_controller 13.0.1.99.2]
Progress: Parameterizing module sdram_controller
Progress: Adding jtag_uart [altera_avalon_jtag_uart 13.0.1.99.2]
Progress: Parameterizing module jtag_uart
Progress: Adding bluetooth_uart [altera_avalon_uart 13.0.1.99.2]
Progress: Parameterizing module bluetooth_uart
Progress: Adding sysid [altera_avalon_sysid_qsys 13.0]
Progress: Parameterizing module sysid
Progress: Adding tem_and_humidity_data [altera_avalon_pio 13.0.1.99.2]
Progress: Parameterizing module tem_and_humidity_data
Progress: Adding soil_rain_solar_data [altera_avalon_pio 13.0.1.99.2]
Progress: Parameterizing module soil_rain_solar_data
Progress: Adding Lights [altera_avalon_pio 13.0.1.99.2]
Progress: Parameterizing module Lights
Progress: Adding Fan [altera_avalon_pio 13.0.1.99.2]
Progress: Parameterizing module Fan
Progress: Adding Irrigation_Pamp [altera_avalon_pio 13.0.1.99.2]
Progress: Parameterizing module Irrigation_Pamp
Progress: Adding Roof [altera_avalon_pio 13.0.1.99.2]
Progress: Parameterizing module Roof
Progress: Adding Curtains [altera_avalon_pio 13.0.1.99.2]
Progress: Parameterizing module Curtains
Progress: Building connections
Progress: Parameterizing connections
Progress: Validating
Progress: Done reading input file
Info: garduino_sys_v1.sysid: System ID is not assigned automatically. Edit the System ID parameter to provide a unique ID
Info: garduino_sys_v1.sysid: Time stamp will be automatically updated when this component is generated.
Info: garduino_sys_v1.tem_and_humidity_data: PIO inputs are not hardwired in test bench. Undefined values will be read from PIO inputs during simulation.
Info: garduino_sys_v1.soil_rain_solar_data: PIO inputs are not hardwired in test bench. Undefined values will be read from PIO inputs during simulation.
Info: ip-generate succeeded.
Info: Finished: Create block symbol file (.bsf)
Info: 
Info: Starting: Create HDL design files for synthesis
Info: ip-generate --project-directory=C:/Users/aniss/Desktop/MasterProject/Garduino_v1/ --output-directory=C:/Users/aniss/Desktop/MasterProject/Garduino_v1/garduino_sys_v1/synthesis/ --file-set=QUARTUS_SYNTH --report-file=sopcinfo:C:/Users/aniss/Desktop/MasterProject/Garduino_v1/garduino_sys_v1.sopcinfo --report-file=html:C:/Users/aniss/Desktop/MasterProject/Garduino_v1/garduino_sys_v1.html --report-file=qip:C:/Users/aniss/Desktop/MasterProject/Garduino_v1/garduino_sys_v1/synthesis/garduino_sys_v1.qip --report-file=cmp:C:/Users/aniss/Desktop/MasterProject/Garduino_v1/garduino_sys_v1.cmp --report-file=svd --system-info=DEVICE_FAMILY="Cyclone II" --system-info=DEVICE=EP2C35F672C6 --system-info=DEVICE_SPEEDGRADE=6 --component-file=C:/Users/aniss/Desktop/MasterProject/Garduino_v1/garduino_sys_v1.qsys --language=VHDL
Progress: Loading Garduino_v1/garduino_sys_v1.qsys
Progress: Reading input file
Progress: Adding clk_0 [clock_source 13.0]
Progress: Parameterizing module clk_0
Progress: Adding sys_cpu_v1 [altera_nios2_qsys 13.0]
Progress: Parameterizing module sys_cpu_v1
Progress: Adding sys_clk [altera_up_clocks 13.0]
Progress: Parameterizing module sys_clk
Progress: Adding onchip_memory2 [altera_avalon_onchip_memory2 13.0.1.99.2]
Progress: Parameterizing module onchip_memory2
Progress: Adding sdram_controller [altera_avalon_new_sdram_controller 13.0.1.99.2]
Progress: Parameterizing module sdram_controller
Progress: Adding jtag_uart [altera_avalon_jtag_uart 13.0.1.99.2]
Progress: Parameterizing module jtag_uart
Progress: Adding bluetooth_uart [altera_avalon_uart 13.0.1.99.2]
Progress: Parameterizing module bluetooth_uart
Progress: Adding sysid [altera_avalon_sysid_qsys 13.0]
Progress: Parameterizing module sysid
Progress: Adding tem_and_humidity_data [altera_avalon_pio 13.0.1.99.2]
Progress: Parameterizing module tem_and_humidity_data
Progress: Adding soil_rain_solar_data [altera_avalon_pio 13.0.1.99.2]
Progress: Parameterizing module soil_rain_solar_data
Progress: Adding Lights [altera_avalon_pio 13.0.1.99.2]
Progress: Parameterizing module Lights
Progress: Adding Fan [altera_avalon_pio 13.0.1.99.2]
Progress: Parameterizing module Fan
Progress: Adding Irrigation_Pamp [altera_avalon_pio 13.0.1.99.2]
Progress: Parameterizing module Irrigation_Pamp
Progress: Adding Roof [altera_avalon_pio 13.0.1.99.2]
Progress: Parameterizing module Roof
Progress: Adding Curtains [altera_avalon_pio 13.0.1.99.2]
Progress: Parameterizing module Curtains
Progress: Building connections
Progress: Parameterizing connections
Progress: Validating
Progress: Done reading input file
Info: garduino_sys_v1.sysid: System ID is not assigned automatically. Edit the System ID parameter to provide a unique ID
Info: garduino_sys_v1.sysid: Time stamp will be automatically updated when this component is generated.
Info: garduino_sys_v1.tem_and_humidity_data: PIO inputs are not hardwired in test bench. Undefined values will be read from PIO inputs during simulation.
Info: garduino_sys_v1.soil_rain_solar_data: PIO inputs are not hardwired in test bench. Undefined values will be read from PIO inputs during simulation.
Info: garduino_sys_v1: Generating garduino_sys_v1 "garduino_sys_v1" for QUARTUS_SYNTH
Info: pipeline_bridge_swap_transform: After transform: 15 modules, 74 connections
Info: No custom instruction connections, skipping transform 
Info: merlin_translator_transform: After transform: 30 modules, 149 connections
Info: merlin_domain_transform: After transform: 60 modules, 394 connections
Info: merlin_router_transform: After transform: 75 modules, 469 connections
Info: merlin_burst_transform: After transform: 76 modules, 474 connections
Info: reset_adaptation_transform: After transform: 78 modules, 304 connections
Info: merlin_network_to_switch_transform: After transform: 107 modules, 366 connections
Info: merlin_width_transform: After transform: 109 modules, 372 connections
Info: merlin_mm_transform: After transform: 109 modules, 372 connections
Info: merlin_interrupt_mapper_transform: After transform: 110 modules, 375 connections
Warning: garduino_sys_v1: "No matching role found for bluetooth_uart:s1:dataavailable (dataavailable)"
Warning: garduino_sys_v1: "No matching role found for bluetooth_uart:s1:readyfordata (readyfordata)"
Warning: garduino_sys_v1: "No matching role found for rst_controller:reset_out:reset_req (reset_req)"
Warning: garduino_sys_v1: "No matching role found for rst_controller:reset_out:reset_req (reset_req)"
Warning: garduino_sys_v1: "No matching role found for rst_controller:reset_out:reset_req (reset_req)"
Warning: garduino_sys_v1: "No matching role found for rst_controller:reset_out:reset_req (reset_req)"
Warning: garduino_sys_v1: "No matching role found for rst_controller:reset_out:reset_req (reset_req)"
Warning: garduino_sys_v1: "No matching role found for rst_controller:reset_out:reset_req (reset_req)"
Warning: garduino_sys_v1: "No matching role found for rst_controller:reset_out:reset_req (reset_req)"
Warning: garduino_sys_v1: "No matching role found for rst_controller:reset_out:reset_req (reset_req)"
Warning: garduino_sys_v1: "No matching role found for rst_controller:reset_out:reset_req (reset_req)"
Warning: garduino_sys_v1: "No matching role found for rst_controller:reset_out:reset_req (reset_req)"
Warning: garduino_sys_v1: "No matching role found for rst_controller:reset_out:reset_req (reset_req)"
Warning: garduino_sys_v1: "No matching role found for rst_controller:reset_out:reset_req (reset_req)"
Warning: garduino_sys_v1: "No matching role found for rst_controller:reset_out:reset_req (reset_req)"
Warning: garduino_sys_v1: "No matching role found for rst_controller:reset_out:reset_req (reset_req)"
Warning: garduino_sys_v1: "No matching role found for rst_controller:reset_out:reset_req (reset_req)"
Warning: garduino_sys_v1: "No matching role found for rst_controller:reset_out:reset_req (reset_req)"
Warning: garduino_sys_v1: "No matching role found for rst_controller:reset_out:reset_req (reset_req)"
Warning: garduino_sys_v1: "No matching role found for rst_controller:reset_out:reset_req (reset_req)"
Warning: garduino_sys_v1: "No matching role found for rst_controller:reset_out:reset_req (reset_req)"
Warning: garduino_sys_v1: "No matching role found for rst_controller:reset_out:reset_req (reset_req)"
Warning: garduino_sys_v1: "No matching role found for rst_controller:reset_out:reset_req (reset_req)"
Warning: garduino_sys_v1: "No matching role found for rst_controller:reset_out:reset_req (reset_req)"
Warning: garduino_sys_v1: "No matching role found for rst_controller:reset_out:reset_req (reset_req)"
Warning: garduino_sys_v1: "No matching role found for rst_controller:reset_out:reset_req (reset_req)"
Warning: garduino_sys_v1: "No matching role found for rst_controller:reset_out:reset_req (reset_req)"
Warning: garduino_sys_v1: "No matching role found for rst_controller:reset_out:reset_req (reset_req)"
Warning: garduino_sys_v1: "No matching role found for rst_controller:reset_out:reset_req (reset_req)"
Warning: garduino_sys_v1: "No matching role found for rst_controller:reset_out:reset_req (reset_req)"
Warning: garduino_sys_v1: "No matching role found for rst_controller:reset_out:reset_req (reset_req)"
Warning: garduino_sys_v1: "No matching role found for rst_controller:reset_out:reset_req (reset_req)"
Warning: garduino_sys_v1: "No matching role found for rst_controller:reset_out:reset_req (reset_req)"
Warning: garduino_sys_v1: "No matching role found for rst_controller:reset_out:reset_req (reset_req)"
Warning: garduino_sys_v1: "No matching role found for rst_controller:reset_out:reset_req (reset_req)"
Warning: garduino_sys_v1: "No matching role found for rst_controller:reset_out:reset_req (reset_req)"
Warning: garduino_sys_v1: "No matching role found for rst_controller:reset_out:reset_req (reset_req)"
Warning: garduino_sys_v1: "No matching role found for rst_controller:reset_out:reset_req (reset_req)"
Warning: garduino_sys_v1: "No matching role found for rst_controller:reset_out:reset_req (reset_req)"
Warning: garduino_sys_v1: "No matching role found for rst_controller:reset_out:reset_req (reset_req)"
Warning: garduino_sys_v1: "No matching role found for rst_controller:reset_out:reset_req (reset_req)"
Warning: garduino_sys_v1: "No matching role found for rst_controller:reset_out:reset_req (reset_req)"
Warning: garduino_sys_v1: "No matching role found for rst_controller:reset_out:reset_req (reset_req)"
Warning: garduino_sys_v1: "No matching role found for rst_controller:reset_out:reset_req (reset_req)"
Warning: garduino_sys_v1: "No matching role found for rst_controller:reset_out:reset_req (reset_req)"
Warning: garduino_sys_v1: "No matching role found for rst_controller:reset_out:reset_req (reset_req)"
Warning: garduino_sys_v1: "No matching role found for rst_controller:reset_out:reset_req (reset_req)"
Warning: garduino_sys_v1: "No matching role found for rst_controller:reset_out:reset_req (reset_req)"
Warning: garduino_sys_v1: "No matching role found for rst_controller:reset_out:reset_req (reset_req)"
Warning: garduino_sys_v1: "No matching role found for rst_controller:reset_out:reset_req (reset_req)"
Warning: garduino_sys_v1: "No matching role found for rst_controller:reset_out:reset_req (reset_req)"
Warning: garduino_sys_v1: "No matching role found for rst_controller:reset_out:reset_req (reset_req)"
Warning: garduino_sys_v1: "No matching role found for rst_controller:reset_out:reset_req (reset_req)"
Warning: garduino_sys_v1: "No matching role found for rst_controller:reset_out:reset_req (reset_req)"
Warning: garduino_sys_v1: "No matching role found for rst_controller:reset_out:reset_req (reset_req)"
Warning: garduino_sys_v1: "No matching role found for rst_controller:reset_out:reset_req (reset_req)"
Warning: garduino_sys_v1: "No matching role found for rst_controller:reset_out:reset_req (reset_req)"
Warning: garduino_sys_v1: "No matching role found for rst_controller:reset_out:reset_req (reset_req)"
Warning: garduino_sys_v1: "No matching role found for rst_controller:reset_out:reset_req (reset_req)"
Warning: garduino_sys_v1: "No matching role found for rst_controller:reset_out:reset_req (reset_req)"
Warning: garduino_sys_v1: "No matching role found for rst_controller:reset_out:reset_req (reset_req)"
Warning: garduino_sys_v1: "No matching role found for rst_controller:reset_out:reset_req (reset_req)"
Warning: garduino_sys_v1: "No matching role found for rst_controller:reset_out:reset_req (reset_req)"
Warning: garduino_sys_v1: "No matching role found for rst_controller:reset_out:reset_req (reset_req)"
Warning: garduino_sys_v1: "No matching role found for rst_controller:reset_out:reset_req (reset_req)"
Warning: garduino_sys_v1: "No matching role found for rst_controller:reset_out:reset_req (reset_req)"
Warning: garduino_sys_v1: "No matching role found for rst_controller:reset_out:reset_req (reset_req)"
Warning: garduino_sys_v1: "No matching role found for rst_controller:reset_out:reset_req (reset_req)"
Warning: garduino_sys_v1: "No matching role found for rst_controller:reset_out:reset_req (reset_req)"
Warning: garduino_sys_v1: "No matching role found for rst_controller:reset_out:reset_req (reset_req)"
Warning: garduino_sys_v1: "No matching role found for rst_controller:reset_out:reset_req (reset_req)"
Warning: garduino_sys_v1: "No matching role found for rst_controller:reset_out:reset_req (reset_req)"
Warning: garduino_sys_v1: "No matching role found for rst_controller:reset_out:reset_req (reset_req)"
Warning: garduino_sys_v1: "No matching role found for rst_controller:reset_out:reset_req (reset_req)"
Warning: garduino_sys_v1: "No matching role found for rst_controller:reset_out:reset_req (reset_req)"
Warning: garduino_sys_v1: "No matching role found for rst_controller:reset_out:reset_req (reset_req)"
Warning: garduino_sys_v1: "No matching role found for rst_controller:reset_out:reset_req (reset_req)"
Warning: garduino_sys_v1: "No matching role found for rst_controller:reset_out:reset_req (reset_req)"
Warning: garduino_sys_v1: "No matching role found for rst_controller:reset_out:reset_req (reset_req)"
Warning: garduino_sys_v1: "No matching role found for rst_controller:reset_out:reset_req (reset_req)"
Warning: garduino_sys_v1: "No matching role found for rst_controller:reset_out:reset_req (reset_req)"
Warning: garduino_sys_v1: "No matching role found for rst_controller:reset_out:reset_req (reset_req)"
Warning: garduino_sys_v1: "No matching role found for rst_controller:reset_out:reset_req (reset_req)"
Warning: garduino_sys_v1: "No matching role found for rst_controller:reset_out:reset_req (reset_req)"
Warning: garduino_sys_v1: "No matching role found for rst_controller:reset_out:reset_req (reset_req)"
Warning: garduino_sys_v1: "No matching role found for rst_controller:reset_out:reset_req (reset_req)"
Warning: garduino_sys_v1: "No matching role found for rst_controller:reset_out:reset_req (reset_req)"
Warning: garduino_sys_v1: "No matching role found for rst_controller:reset_out:reset_req (reset_req)"
Warning: garduino_sys_v1: "No matching role found for rst_controller:reset_out:reset_req (reset_req)"
Warning: garduino_sys_v1: "No matching role found for rst_controller:reset_out:reset_req (reset_req)"
Warning: garduino_sys_v1: "No matching role found for rst_controller:reset_out:reset_req (reset_req)"
Warning: garduino_sys_v1: "No matching role found for rst_controller:reset_out:reset_req (reset_req)"
Warning: garduino_sys_v1: "No matching role found for rst_controller:reset_out:reset_req (reset_req)"
Warning: garduino_sys_v1: "No matching role found for rst_controller:reset_out:reset_req (reset_req)"
Warning: garduino_sys_v1: "No matching role found for rst_controller:reset_out:reset_req (reset_req)"
Warning: garduino_sys_v1: "No matching role found for rst_controller:reset_out:reset_req (reset_req)"
Warning: garduino_sys_v1: "No matching role found for rst_controller:reset_out:reset_req (reset_req)"
Warning: garduino_sys_v1: "No matching role found for rst_controller:reset_out:reset_req (reset_req)"
Warning: garduino_sys_v1: "No matching role found for rst_controller:reset_out:reset_req (reset_req)"
Warning: garduino_sys_v1: "No matching role found for rst_controller:reset_out:reset_req (reset_req)"
Warning: garduino_sys_v1: "No matching role found for rst_controller:reset_out:reset_req (reset_req)"
Warning: garduino_sys_v1: "No matching role found for rst_controller:reset_out:reset_req (reset_req)"
Warning: garduino_sys_v1: "No matching role found for rst_controller:reset_out:reset_req (reset_req)"
Warning: garduino_sys_v1: "No matching role found for rst_controller:reset_out:reset_req (reset_req)"
Warning: garduino_sys_v1: "No matching role found for rst_controller:reset_out:reset_req (reset_req)"
Warning: garduino_sys_v1: "No matching role found for rst_controller:reset_out:reset_req (reset_req)"
Warning: garduino_sys_v1: "No matching role found for rst_controller:reset_out:reset_req (reset_req)"
Info: sys_cpu_v1: Starting RTL generation for module 'garduino_sys_v1_sys_cpu_v1'
Info: sys_cpu_v1:   Generation command is [exec C:/altera/13.0sp1/quartus/../ip/altera/nios2_ip/altera_nios2/eperl.exe -I C:/altera/13.0sp1/quartus/common/ip/altera/common/perl/5.8.3 -I C:/altera/13.0sp1/quartus/sopc_builder/bin/europa -I C:/altera/13.0sp1/quartus/sopc_builder/bin/perl_lib -I C:/altera/13.0sp1/quartus/sopc_builder/bin -I C:/altera/13.0sp1/quartus/../ip/altera/nios2_ip/altera_nios2/cpu_lib -I C:/altera/13.0sp1/quartus/../ip/altera/nios2_ip/altera_nios2/nios_lib -I C:/altera/13.0sp1/quartus/../ip/altera/nios2_ip/altera_nios2 -I C:/altera/13.0sp1/quartus/../ip/altera/nios2_ip/altera_nios2 -- C:/altera/13.0sp1/quartus/../ip/altera/nios2_ip/altera_nios2/generate_rtl.epl --name=garduino_sys_v1_sys_cpu_v1 --dir=C:/Users/aniss/AppData/Local/Temp/alt8489_2595075752520394243.dir/0071_sys_cpu_v1_gen/ --quartus_dir=C:/altera/13.0sp1/quartus --verilog --config=C:/Users/aniss/AppData/Local/Temp/alt8489_2595075752520394243.dir/0071_sys_cpu_v1_gen//garduino_sys_v1_sys_cpu_v1_processor_configuration.pl  --do_build_sim=0    --bogus  ]
Info: sys_cpu_v1: # 2020.08.15 02:30:34 (*) Starting Nios II generation
Info: sys_cpu_v1: # 2020.08.15 02:30:34 (*)   Checking for plaintext license.
Info: sys_cpu_v1: # 2020.08.15 02:30:35 (*)   Couldn't query license setup in Quartus directory C:/altera/13.0sp1/quartus
Info: sys_cpu_v1: # 2020.08.15 02:30:35 (*)   Defaulting to contents of LM_LICENSE_FILE environment variable
Info: sys_cpu_v1: # 2020.08.15 02:30:35 (*)   LM_LICENSE_FILE environment variable is empty
Info: sys_cpu_v1: # 2020.08.15 02:30:35 (*)   Plaintext license not found.
Info: sys_cpu_v1: # 2020.08.15 02:30:35 (*)   No license required to generate encrypted Nios II/e.
Info: sys_cpu_v1: # 2020.08.15 02:30:35 (*)   Elaborating CPU configuration settings
Info: sys_cpu_v1: # 2020.08.15 02:30:35 (*)   Creating all objects for CPU
Info: sys_cpu_v1: # 2020.08.15 02:30:36 (*)   Generating RTL from CPU objects
Info: sys_cpu_v1: # 2020.08.15 02:30:36 (*)   Creating plain-text RTL
Info: sys_cpu_v1: # 2020.08.15 02:30:39 (*) Done Nios II generation
Info: sys_cpu_v1: Done RTL generation for module 'garduino_sys_v1_sys_cpu_v1'
Info: sys_cpu_v1: "garduino_sys_v1" instantiated altera_nios2_qsys "sys_cpu_v1"
Info: sys_clk: Starting Generation of Required Clocks for DE-Series Boards
Info: sys_clk: "garduino_sys_v1" instantiated altera_up_clocks "sys_clk"
Info: onchip_memory2: Starting RTL generation for module 'garduino_sys_v1_onchip_memory2'
Info: onchip_memory2:   Generation command is [exec C:/altera/13.0sp1/quartus/bin/perl/bin/perl.exe -I C:/altera/13.0sp1/quartus/common/ip/altera/common/perl/5.8.3 -I C:/altera/13.0sp1/quartus/sopc_builder/bin/europa -I C:/altera/13.0sp1/quartus/sopc_builder/bin/perl_lib -I C:/altera/13.0sp1/quartus/sopc_builder/bin -I C:/altera/13.0sp1/quartus/../ip/altera/sopc_builder_ip/common -I C:/altera/13.0sp1/quartus/../ip/altera/sopc_builder_ip/altera_avalon_onchip_memory2 -- C:/altera/13.0sp1/quartus/../ip/altera/sopc_builder_ip/altera_avalon_onchip_memory2/generate_rtl.pl --name=garduino_sys_v1_onchip_memory2 --dir=C:/Users/aniss/AppData/Local/Temp/alt8489_2595075752520394243.dir/0073_onchip_memory2_gen/ --quartus_dir=C:/altera/13.0sp1/quartus --verilog --config=C:/Users/aniss/AppData/Local/Temp/alt8489_2595075752520394243.dir/0073_onchip_memory2_gen//garduino_sys_v1_onchip_memory2_component_configuration.pl  --do_build_sim=0  ]
Info: onchip_memory2: Done RTL generation for module 'garduino_sys_v1_onchip_memory2'
Info: onchip_memory2: "garduino_sys_v1" instantiated altera_avalon_onchip_memory2 "onchip_memory2"
Info: sdram_controller: Starting RTL generation for module 'garduino_sys_v1_sdram_controller'
Info: sdram_controller:   Generation command is [exec C:/altera/13.0sp1/quartus/bin/perl/bin/perl.exe -I C:/altera/13.0sp1/quartus/common/ip/altera/common/perl/5.8.3 -I C:/altera/13.0sp1/quartus/sopc_builder/bin/europa -I C:/altera/13.0sp1/quartus/sopc_builder/bin/perl_lib -I C:/altera/13.0sp1/quartus/sopc_builder/bin -I C:/altera/13.0sp1/quartus/../ip/altera/sopc_builder_ip/common -I C:/altera/13.0sp1/quartus/../ip/altera/sopc_builder_ip/altera_avalon_new_sdram_controller -- C:/altera/13.0sp1/quartus/../ip/altera/sopc_builder_ip/altera_avalon_new_sdram_controller/generate_rtl.pl --name=garduino_sys_v1_sdram_controller --dir=C:/Users/aniss/AppData/Local/Temp/alt8489_2595075752520394243.dir/0074_sdram_controller_gen/ --quartus_dir=C:/altera/13.0sp1/quartus --verilog --config=C:/Users/aniss/AppData/Local/Temp/alt8489_2595075752520394243.dir/0074_sdram_controller_gen//garduino_sys_v1_sdram_controller_component_configuration.pl  --do_build_sim=0  ]
Info: sdram_controller: Done RTL generation for module 'garduino_sys_v1_sdram_controller'
Info: sdram_controller: "garduino_sys_v1" instantiated altera_avalon_new_sdram_controller "sdram_controller"
Info: jtag_uart: Starting RTL generation for module 'garduino_sys_v1_jtag_uart'
Info: jtag_uart:   Generation command is [exec C:/altera/13.0sp1/quartus/bin/perl/bin/perl.exe -I C:/altera/13.0sp1/quartus/common/ip/altera/common/perl/5.8.3 -I C:/altera/13.0sp1/quartus/sopc_builder/bin/europa -I C:/altera/13.0sp1/quartus/sopc_builder/bin/perl_lib -I C:/altera/13.0sp1/quartus/sopc_builder/bin -I C:/altera/13.0sp1/quartus/../ip/altera/sopc_builder_ip/common -I C:/altera/13.0sp1/quartus/../ip/altera/sopc_builder_ip/altera_avalon_jtag_uart -- C:/altera/13.0sp1/quartus/../ip/altera/sopc_builder_ip/altera_avalon_jtag_uart/generate_rtl.pl --name=garduino_sys_v1_jtag_uart --dir=C:/Users/aniss/AppData/Local/Temp/alt8489_2595075752520394243.dir/0075_jtag_uart_gen/ --quartus_dir=C:/altera/13.0sp1/quartus --verilog --config=C:/Users/aniss/AppData/Local/Temp/alt8489_2595075752520394243.dir/0075_jtag_uart_gen//garduino_sys_v1_jtag_uart_component_configuration.pl  --do_build_sim=0  ]
Info: jtag_uart: Done RTL generation for module 'garduino_sys_v1_jtag_uart'
Info: jtag_uart: "garduino_sys_v1" instantiated altera_avalon_jtag_uart "jtag_uart"
Info: bluetooth_uart: Starting RTL generation for module 'garduino_sys_v1_bluetooth_uart'
Info: bluetooth_uart:   Generation command is [exec C:/altera/13.0sp1/quartus/bin/perl/bin/perl.exe -I C:/altera/13.0sp1/quartus/common/ip/altera/common/perl/5.8.3 -I C:/altera/13.0sp1/quartus/sopc_builder/bin/europa -I C:/altera/13.0sp1/quartus/sopc_builder/bin/perl_lib -I C:/altera/13.0sp1/quartus/sopc_builder/bin -I C:/altera/13.0sp1/quartus/../ip/altera/sopc_builder_ip/common -I C:/altera/13.0sp1/quartus/../ip/altera/sopc_builder_ip/altera_avalon_uart -- C:/altera/13.0sp1/quartus/../ip/altera/sopc_builder_ip/altera_avalon_uart/generate_rtl.pl --name=garduino_sys_v1_bluetooth_uart --dir=C:/Users/aniss/AppData/Local/Temp/alt8489_2595075752520394243.dir/0076_bluetooth_uart_gen/ --quartus_dir=C:/altera/13.0sp1/quartus --verilog --config=C:/Users/aniss/AppData/Local/Temp/alt8489_2595075752520394243.dir/0076_bluetooth_uart_gen//garduino_sys_v1_bluetooth_uart_component_configuration.pl  --do_build_sim=0  ]
Info: bluetooth_uart: Done RTL generation for module 'garduino_sys_v1_bluetooth_uart'
Info: bluetooth_uart: "garduino_sys_v1" instantiated altera_avalon_uart "bluetooth_uart"
Info: sysid: "garduino_sys_v1" instantiated altera_avalon_sysid_qsys "sysid"
Info: tem_and_humidity_data: Starting RTL generation for module 'garduino_sys_v1_tem_and_humidity_data'
Info: tem_and_humidity_data:   Generation command is [exec C:/altera/13.0sp1/quartus/bin/perl/bin/perl.exe -I C:/altera/13.0sp1/quartus/common/ip/altera/common/perl/5.8.3 -I C:/altera/13.0sp1/quartus/sopc_builder/bin/europa -I C:/altera/13.0sp1/quartus/sopc_builder/bin/perl_lib -I C:/altera/13.0sp1/quartus/sopc_builder/bin -I C:/altera/13.0sp1/quartus/../ip/altera/sopc_builder_ip/common -I C:/altera/13.0sp1/quartus/../ip/altera/sopc_builder_ip/altera_avalon_pio -- C:/altera/13.0sp1/quartus/../ip/altera/sopc_builder_ip/altera_avalon_pio/generate_rtl.pl --name=garduino_sys_v1_tem_and_humidity_data --dir=C:/Users/aniss/AppData/Local/Temp/alt8489_2595075752520394243.dir/0078_tem_and_humidity_data_gen/ --quartus_dir=C:/altera/13.0sp1/quartus --verilog --config=C:/Users/aniss/AppData/Local/Temp/alt8489_2595075752520394243.dir/0078_tem_and_humidity_data_gen//garduino_sys_v1_tem_and_humidity_data_component_configuration.pl  --do_build_sim=0  ]
Info: tem_and_humidity_data: Done RTL generation for module 'garduino_sys_v1_tem_and_humidity_data'
Info: tem_and_humidity_data: "garduino_sys_v1" instantiated altera_avalon_pio "tem_and_humidity_data"
Info: soil_rain_solar_data: Starting RTL generation for module 'garduino_sys_v1_soil_rain_solar_data'
Info: soil_rain_solar_data:   Generation command is [exec C:/altera/13.0sp1/quartus/bin/perl/bin/perl.exe -I C:/altera/13.0sp1/quartus/common/ip/altera/common/perl/5.8.3 -I C:/altera/13.0sp1/quartus/sopc_builder/bin/europa -I C:/altera/13.0sp1/quartus/sopc_builder/bin/perl_lib -I C:/altera/13.0sp1/quartus/sopc_builder/bin -I C:/altera/13.0sp1/quartus/../ip/altera/sopc_builder_ip/common -I C:/altera/13.0sp1/quartus/../ip/altera/sopc_builder_ip/altera_avalon_pio -- C:/altera/13.0sp1/quartus/../ip/altera/sopc_builder_ip/altera_avalon_pio/generate_rtl.pl --name=garduino_sys_v1_soil_rain_solar_data --dir=C:/Users/aniss/AppData/Local/Temp/alt8489_2595075752520394243.dir/0079_soil_rain_solar_data_gen/ --quartus_dir=C:/altera/13.0sp1/quartus --verilog --config=C:/Users/aniss/AppData/Local/Temp/alt8489_2595075752520394243.dir/0079_soil_rain_solar_data_gen//garduino_sys_v1_soil_rain_solar_data_component_configuration.pl  --do_build_sim=0  ]
Info: soil_rain_solar_data: Done RTL generation for module 'garduino_sys_v1_soil_rain_solar_data'
Info: soil_rain_solar_data: "garduino_sys_v1" instantiated altera_avalon_pio "soil_rain_solar_data"
Info: Lights: Starting RTL generation for module 'garduino_sys_v1_Lights'
Info: Lights:   Generation command is [exec C:/altera/13.0sp1/quartus/bin/perl/bin/perl.exe -I C:/altera/13.0sp1/quartus/common/ip/altera/common/perl/5.8.3 -I C:/altera/13.0sp1/quartus/sopc_builder/bin/europa -I C:/altera/13.0sp1/quartus/sopc_builder/bin/perl_lib -I C:/altera/13.0sp1/quartus/sopc_builder/bin -I C:/altera/13.0sp1/quartus/../ip/altera/sopc_builder_ip/common -I C:/altera/13.0sp1/quartus/../ip/altera/sopc_builder_ip/altera_avalon_pio -- C:/altera/13.0sp1/quartus/../ip/altera/sopc_builder_ip/altera_avalon_pio/generate_rtl.pl --name=garduino_sys_v1_Lights --dir=C:/Users/aniss/AppData/Local/Temp/alt8489_2595075752520394243.dir/0080_Lights_gen/ --quartus_dir=C:/altera/13.0sp1/quartus --verilog --config=C:/Users/aniss/AppData/Local/Temp/alt8489_2595075752520394243.dir/0080_Lights_gen//garduino_sys_v1_Lights_component_configuration.pl  --do_build_sim=0  ]
Info: Lights: Done RTL generation for module 'garduino_sys_v1_Lights'
Info: Lights: "garduino_sys_v1" instantiated altera_avalon_pio "Lights"
Info: Roof: Starting RTL generation for module 'garduino_sys_v1_Roof'
Info: Roof:   Generation command is [exec C:/altera/13.0sp1/quartus/bin/perl/bin/perl.exe -I C:/altera/13.0sp1/quartus/common/ip/altera/common/perl/5.8.3 -I C:/altera/13.0sp1/quartus/sopc_builder/bin/europa -I C:/altera/13.0sp1/quartus/sopc_builder/bin/perl_lib -I C:/altera/13.0sp1/quartus/sopc_builder/bin -I C:/altera/13.0sp1/quartus/../ip/altera/sopc_builder_ip/common -I C:/altera/13.0sp1/quartus/../ip/altera/sopc_builder_ip/altera_avalon_pio -- C:/altera/13.0sp1/quartus/../ip/altera/sopc_builder_ip/altera_avalon_pio/generate_rtl.pl --name=garduino_sys_v1_Roof --dir=C:/Users/aniss/AppData/Local/Temp/alt8489_2595075752520394243.dir/0081_Roof_gen/ --quartus_dir=C:/altera/13.0sp1/quartus --verilog --config=C:/Users/aniss/AppData/Local/Temp/alt8489_2595075752520394243.dir/0081_Roof_gen//garduino_sys_v1_Roof_component_configuration.pl  --do_build_sim=0  ]
Info: Roof: Done RTL generation for module 'garduino_sys_v1_Roof'
Info: Roof: "garduino_sys_v1" instantiated altera_avalon_pio "Roof"
Info: Curtains: Starting RTL generation for module 'garduino_sys_v1_Curtains'
Info: Curtains:   Generation command is [exec C:/altera/13.0sp1/quartus/bin/perl/bin/perl.exe -I C:/altera/13.0sp1/quartus/common/ip/altera/common/perl/5.8.3 -I C:/altera/13.0sp1/quartus/sopc_builder/bin/europa -I C:/altera/13.0sp1/quartus/sopc_builder/bin/perl_lib -I C:/altera/13.0sp1/quartus/sopc_builder/bin -I C:/altera/13.0sp1/quartus/../ip/altera/sopc_builder_ip/common -I C:/altera/13.0sp1/quartus/../ip/altera/sopc_builder_ip/altera_avalon_pio -- C:/altera/13.0sp1/quartus/../ip/altera/sopc_builder_ip/altera_avalon_pio/generate_rtl.pl --name=garduino_sys_v1_Curtains --dir=C:/Users/aniss/AppData/Local/Temp/alt8489_2595075752520394243.dir/0082_Curtains_gen/ --quartus_dir=C:/altera/13.0sp1/quartus --verilog --config=C:/Users/aniss/AppData/Local/Temp/alt8489_2595075752520394243.dir/0082_Curtains_gen//garduino_sys_v1_Curtains_component_configuration.pl  --do_build_sim=0  ]
Info: Curtains: Done RTL generation for module 'garduino_sys_v1_Curtains'
Info: Curtains: "garduino_sys_v1" instantiated altera_avalon_pio "Curtains"
Info: sys_cpu_v1_instruction_master_translator: "garduino_sys_v1" instantiated altera_merlin_master_translator "sys_cpu_v1_instruction_master_translator"
Info: sys_cpu_v1_jtag_debug_module_translator: "garduino_sys_v1" instantiated altera_merlin_slave_translator "sys_cpu_v1_jtag_debug_module_translator"
Info: sys_cpu_v1_instruction_master_translator_avalon_universal_master_0_agent: "garduino_sys_v1" instantiated altera_merlin_master_agent "sys_cpu_v1_instruction_master_translator_avalon_universal_master_0_agent"
Info: sys_cpu_v1_jtag_debug_module_translator_avalon_universal_slave_0_agent: "garduino_sys_v1" instantiated altera_merlin_slave_agent "sys_cpu_v1_jtag_debug_module_translator_avalon_universal_slave_0_agent"
Info: sys_cpu_v1_jtag_debug_module_translator_avalon_universal_slave_0_agent_rsp_fifo: "garduino_sys_v1" instantiated altera_avalon_sc_fifo "sys_cpu_v1_jtag_debug_module_translator_avalon_universal_slave_0_agent_rsp_fifo"
Info: addr_router: "garduino_sys_v1" instantiated altera_merlin_router "addr_router"
Info: addr_router_001: "garduino_sys_v1" instantiated altera_merlin_router "addr_router_001"
Info: id_router: "garduino_sys_v1" instantiated altera_merlin_router "id_router"
Info: id_router_002: "garduino_sys_v1" instantiated altera_merlin_router "id_router_002"
Info: id_router_003: "garduino_sys_v1" instantiated altera_merlin_router "id_router_003"
Info: burst_adapter: "garduino_sys_v1" instantiated altera_merlin_burst_adapter "burst_adapter"
Info: rst_controller: "garduino_sys_v1" instantiated altera_reset_controller "rst_controller"
Info: cmd_xbar_demux: "garduino_sys_v1" instantiated altera_merlin_demultiplexer "cmd_xbar_demux"
Info: cmd_xbar_demux_001: "garduino_sys_v1" instantiated altera_merlin_demultiplexer "cmd_xbar_demux_001"
Info: cmd_xbar_mux: "garduino_sys_v1" instantiated altera_merlin_multiplexer "cmd_xbar_mux"
Info: rsp_xbar_demux: "garduino_sys_v1" instantiated altera_merlin_demultiplexer "rsp_xbar_demux"
Info: rsp_xbar_demux_003: "garduino_sys_v1" instantiated altera_merlin_demultiplexer "rsp_xbar_demux_003"
Info: rsp_xbar_mux: "garduino_sys_v1" instantiated altera_merlin_multiplexer "rsp_xbar_mux"
Info: Reusing file C:/Users/aniss/Desktop/MasterProject/Garduino_v1/garduino_sys_v1/synthesis/submodules/altera_merlin_arbitrator.sv
Info: rsp_xbar_mux_001: "garduino_sys_v1" instantiated altera_merlin_multiplexer "rsp_xbar_mux_001"
Info: Reusing file C:/Users/aniss/Desktop/MasterProject/Garduino_v1/garduino_sys_v1/synthesis/submodules/altera_merlin_arbitrator.sv
Info: width_adapter: "garduino_sys_v1" instantiated altera_merlin_width_adapter "width_adapter"
Info: Reusing file C:/Users/aniss/Desktop/MasterProject/Garduino_v1/garduino_sys_v1/synthesis/submodules/altera_merlin_address_alignment.sv
Info: Reusing file C:/Users/aniss/Desktop/MasterProject/Garduino_v1/garduino_sys_v1/synthesis/submodules/altera_merlin_burst_uncompressor.sv
Info: irq_mapper: "garduino_sys_v1" instantiated altera_irq_mapper "irq_mapper"
Info: garduino_sys_v1: Done garduino_sys_v1" with 34 modules, 181 files, 3657209 bytes
Info: ip-generate succeeded.
Info: Finished: Create HDL design files for synthesis
