Info: Starting: Create simulation model
Info: ip-generate --project-directory=D:/MasterProject/Garduino_v1/ --output-directory=D:/MasterProject/Garduino_v1/garduino_sys_v1/simulation/ --file-set=SIM_VHDL --report-file=sopcinfo:D:/MasterProject/Garduino_v1/garduino_sys_v1.sopcinfo --report-file=html:D:/MasterProject/Garduino_v1/garduino_sys_v1.html --report-file=sip:D:/MasterProject/Garduino_v1/garduino_sys_v1/simulation/garduino_sys_v1.sip --report-file=csv:D:/MasterProject/Garduino_v1/garduino_sys_v1.csv --report-file=spd:D:/MasterProject/Garduino_v1/garduino_sys_v1.spd --report-file=cmp:D:/MasterProject/Garduino_v1/garduino_sys_v1.cmp --system-info=DEVICE_FAMILY="Cyclone II" --system-info=DEVICE=EP2C35F672C6 --system-info=DEVICE_SPEEDGRADE=6 --component-file=D:/MasterProject/Garduino_v1/garduino_sys_v1.qsys
Progress: Loading Garduino_v1/garduino_sys_v1.qsys
Progress: Reading input file
Progress: Adding clk_0 [clock_source 13.0]
Progress: Parameterizing module clk_0
Progress: Adding sys_cpu_v1 [altera_nios2_qsys 13.0]
Progress: Parameterizing module sys_cpu_v1
Progress: Adding sys_clk [altera_up_clocks 13.0]
Progress: Parameterizing module sys_clk
Progress: Adding onchip_memory2 [altera_avalon_onchip_memory2 13.0.1.99.2]
Progress: Parameterizing module onchip_memory2
Progress: Adding sdram_controller [altera_avalon_new_sdram_controller 13.0.1.99.2]
Progress: Parameterizing module sdram_controller
Progress: Adding jtag_uart [altera_avalon_jtag_uart 13.0.1.99.2]
Progress: Parameterizing module jtag_uart
Progress: Adding bluetooth_uart [altera_avalon_uart 13.0.1.99.2]
Progress: Parameterizing module bluetooth_uart
Progress: Adding sysid [altera_avalon_sysid_qsys 13.0]
Progress: Parameterizing module sysid
Progress: Adding green_leds [altera_avalon_pio 13.0.1.99.2]
Progress: Parameterizing module green_leds
Progress: Adding switches [altera_avalon_pio 13.0.1.99.2]
Progress: Parameterizing module switches
Progress: Adding tem_data [altera_avalon_pio 13.0.1.99.2]
Progress: Parameterizing module tem_data
Progress: Adding hum_data [altera_avalon_pio 13.0.1.99.2]
Progress: Parameterizing module hum_data
Progress: Adding adc_data [altera_avalon_pio 13.0.1.99.2]
Progress: Parameterizing module adc_data
Progress: Building connections
Progress: Parameterizing connections
Progress: Validating
Progress: Done reading input file
Info: garduino_sys_v1.sysid: System ID is not assigned automatically. Edit the System ID parameter to provide a unique ID
Info: garduino_sys_v1.sysid: Time stamp will be automatically updated when this component is generated.
Info: garduino_sys_v1.switches: PIO inputs are not hardwired in test bench. Undefined values will be read from PIO inputs during simulation.
Info: garduino_sys_v1.tem_data: PIO inputs are not hardwired in test bench. Undefined values will be read from PIO inputs during simulation.
Info: garduino_sys_v1.hum_data: PIO inputs are not hardwired in test bench. Undefined values will be read from PIO inputs during simulation.
Info: garduino_sys_v1.adc_data: PIO inputs are not hardwired in test bench. Undefined values will be read from PIO inputs during simulation.
Info: garduino_sys_v1: Generating garduino_sys_v1 "garduino_sys_v1" for SIM_VHDL
Info: pipeline_bridge_swap_transform: After transform: 13 modules, 40 connections
Info: No custom instruction connections, skipping transform 
Info: merlin_translator_transform: After transform: 26 modules, 79 connections
Info: merlin_domain_transform: After transform: 52 modules, 214 connections
Info: merlin_router_transform: After transform: 65 modules, 253 connections
Info: merlin_burst_transform: After transform: 66 modules, 256 connections
Info: reset_adaptation_transform: After transform: 68 modules, 260 connections
Info: merlin_network_to_switch_transform: After transform: 93 modules, 314 connections
Info: merlin_width_transform: After transform: 95 modules, 320 connections
Info: merlin_mm_transform: After transform: 95 modules, 320 connections
Info: merlin_interrupt_mapper_transform: After transform: 96 modules, 323 connections
Warning: garduino_sys_v1: "No matching role found for bluetooth_uart:s1:dataavailable (dataavailable)"
Warning: garduino_sys_v1: "No matching role found for bluetooth_uart:s1:readyfordata (readyfordata)"
Warning: garduino_sys_v1: "No matching role found for rst_controller:reset_out:reset_req (reset_req)"
Warning: garduino_sys_v1: "No matching role found for rst_controller:reset_out:reset_req (reset_req)"
Warning: garduino_sys_v1: "No matching role found for rst_controller:reset_out:reset_req (reset_req)"
Warning: garduino_sys_v1: "No matching role found for rst_controller:reset_out:reset_req (reset_req)"
Warning: garduino_sys_v1: "No matching role found for rst_controller:reset_out:reset_req (reset_req)"
Warning: garduino_sys_v1: "No matching role found for rst_controller:reset_out:reset_req (reset_req)"
Warning: garduino_sys_v1: "No matching role found for rst_controller:reset_out:reset_req (reset_req)"
Warning: garduino_sys_v1: "No matching role found for rst_controller:reset_out:reset_req (reset_req)"
Warning: garduino_sys_v1: "No matching role found for rst_controller:reset_out:reset_req (reset_req)"
Warning: garduino_sys_v1: "No matching role found for rst_controller:reset_out:reset_req (reset_req)"
Warning: garduino_sys_v1: "No matching role found for rst_controller:reset_out:reset_req (reset_req)"
Warning: garduino_sys_v1: "No matching role found for rst_controller:reset_out:reset_req (reset_req)"
Warning: garduino_sys_v1: "No matching role found for rst_controller:reset_out:reset_req (reset_req)"
Warning: garduino_sys_v1: "No matching role found for rst_controller:reset_out:reset_req (reset_req)"
Warning: garduino_sys_v1: "No matching role found for rst_controller:reset_out:reset_req (reset_req)"
Warning: garduino_sys_v1: "No matching role found for rst_controller:reset_out:reset_req (reset_req)"
Warning: garduino_sys_v1: "No matching role found for rst_controller:reset_out:reset_req (reset_req)"
Warning: garduino_sys_v1: "No matching role found for rst_controller:reset_out:reset_req (reset_req)"
Warning: garduino_sys_v1: "No matching role found for rst_controller:reset_out:reset_req (reset_req)"
Warning: garduino_sys_v1: "No matching role found for rst_controller:reset_out:reset_req (reset_req)"
Warning: garduino_sys_v1: "No matching role found for rst_controller:reset_out:reset_req (reset_req)"
Warning: garduino_sys_v1: "No matching role found for rst_controller:reset_out:reset_req (reset_req)"
Warning: garduino_sys_v1: "No matching role found for rst_controller:reset_out:reset_req (reset_req)"
Warning: garduino_sys_v1: "No matching role found for rst_controller:reset_out:reset_req (reset_req)"
Warning: garduino_sys_v1: "No matching role found for rst_controller:reset_out:reset_req (reset_req)"
Warning: garduino_sys_v1: "No matching role found for rst_controller:reset_out:reset_req (reset_req)"
Warning: garduino_sys_v1: "No matching role found for rst_controller:reset_out:reset_req (reset_req)"
Warning: garduino_sys_v1: "No matching role found for rst_controller:reset_out:reset_req (reset_req)"
Warning: garduino_sys_v1: "No matching role found for rst_controller:reset_out:reset_req (reset_req)"
Warning: garduino_sys_v1: "No matching role found for rst_controller:reset_out:reset_req (reset_req)"
Warning: garduino_sys_v1: "No matching role found for rst_controller:reset_out:reset_req (reset_req)"
Warning: garduino_sys_v1: "No matching role found for rst_controller:reset_out:reset_req (reset_req)"
Warning: garduino_sys_v1: "No matching role found for rst_controller:reset_out:reset_req (reset_req)"
Warning: garduino_sys_v1: "No matching role found for rst_controller:reset_out:reset_req (reset_req)"
Warning: garduino_sys_v1: "No matching role found for rst_controller:reset_out:reset_req (reset_req)"
Warning: garduino_sys_v1: "No matching role found for rst_controller:reset_out:reset_req (reset_req)"
Warning: garduino_sys_v1: "No matching role found for rst_controller:reset_out:reset_req (reset_req)"
Warning: garduino_sys_v1: "No matching role found for rst_controller:reset_out:reset_req (reset_req)"
Warning: garduino_sys_v1: "No matching role found for rst_controller:reset_out:reset_req (reset_req)"
Warning: garduino_sys_v1: "No matching role found for rst_controller:reset_out:reset_req (reset_req)"
Warning: garduino_sys_v1: "No matching role found for rst_controller:reset_out:reset_req (reset_req)"
Warning: garduino_sys_v1: "No matching role found for rst_controller:reset_out:reset_req (reset_req)"
Warning: garduino_sys_v1: "No matching role found for rst_controller:reset_out:reset_req (reset_req)"
Warning: garduino_sys_v1: "No matching role found for rst_controller:reset_out:reset_req (reset_req)"
Warning: garduino_sys_v1: "No matching role found for rst_controller:reset_out:reset_req (reset_req)"
Warning: garduino_sys_v1: "No matching role found for rst_controller:reset_out:reset_req (reset_req)"
Warning: garduino_sys_v1: "No matching role found for rst_controller:reset_out:reset_req (reset_req)"
Warning: garduino_sys_v1: "No matching role found for rst_controller:reset_out:reset_req (reset_req)"
Warning: garduino_sys_v1: "No matching role found for rst_controller:reset_out:reset_req (reset_req)"
Warning: garduino_sys_v1: "No matching role found for rst_controller:reset_out:reset_req (reset_req)"
Warning: garduino_sys_v1: "No matching role found for rst_controller:reset_out:reset_req (reset_req)"
Warning: garduino_sys_v1: "No matching role found for rst_controller:reset_out:reset_req (reset_req)"
Warning: garduino_sys_v1: "No matching role found for rst_controller:reset_out:reset_req (reset_req)"
Warning: garduino_sys_v1: "No matching role found for rst_controller:reset_out:reset_req (reset_req)"
Warning: garduino_sys_v1: "No matching role found for rst_controller:reset_out:reset_req (reset_req)"
Warning: garduino_sys_v1: "No matching role found for rst_controller:reset_out:reset_req (reset_req)"
Warning: garduino_sys_v1: "No matching role found for rst_controller:reset_out:reset_req (reset_req)"
Warning: garduino_sys_v1: "No matching role found for rst_controller:reset_out:reset_req (reset_req)"
Warning: garduino_sys_v1: "No matching role found for rst_controller:reset_out:reset_req (reset_req)"
Warning: garduino_sys_v1: "No matching role found for rst_controller:reset_out:reset_req (reset_req)"
Warning: garduino_sys_v1: "No matching role found for rst_controller:reset_out:reset_req (reset_req)"
Warning: garduino_sys_v1: "No matching role found for rst_controller:reset_out:reset_req (reset_req)"
Warning: garduino_sys_v1: "No matching role found for rst_controller:reset_out:reset_req (reset_req)"
Warning: garduino_sys_v1: "No matching role found for rst_controller:reset_out:reset_req (reset_req)"
Warning: garduino_sys_v1: "No matching role found for rst_controller:reset_out:reset_req (reset_req)"
Warning: garduino_sys_v1: "No matching role found for rst_controller:reset_out:reset_req (reset_req)"
Warning: garduino_sys_v1: "No matching role found for rst_controller:reset_out:reset_req (reset_req)"
Warning: garduino_sys_v1: "No matching role found for rst_controller:reset_out:reset_req (reset_req)"
Warning: garduino_sys_v1: "No matching role found for rst_controller:reset_out:reset_req (reset_req)"
Warning: garduino_sys_v1: "No matching role found for rst_controller:reset_out:reset_req (reset_req)"
Warning: garduino_sys_v1: "No matching role found for rst_controller:reset_out:reset_req (reset_req)"
Warning: garduino_sys_v1: "No matching role found for rst_controller:reset_out:reset_req (reset_req)"
Warning: garduino_sys_v1: "No matching role found for rst_controller:reset_out:reset_req (reset_req)"
Warning: garduino_sys_v1: "No matching role found for rst_controller:reset_out:reset_req (reset_req)"
Warning: garduino_sys_v1: "No matching role found for rst_controller:reset_out:reset_req (reset_req)"
Warning: garduino_sys_v1: "No matching role found for rst_controller:reset_out:reset_req (reset_req)"
Warning: garduino_sys_v1: "No matching role found for rst_controller:reset_out:reset_req (reset_req)"
Warning: garduino_sys_v1: "No matching role found for rst_controller:reset_out:reset_req (reset_req)"
Warning: garduino_sys_v1: "No matching role found for rst_controller:reset_out:reset_req (reset_req)"
Warning: garduino_sys_v1: "No matching role found for rst_controller:reset_out:reset_req (reset_req)"
Warning: garduino_sys_v1: "No matching role found for rst_controller:reset_out:reset_req (reset_req)"
Warning: garduino_sys_v1: "No matching role found for rst_controller:reset_out:reset_req (reset_req)"
Warning: garduino_sys_v1: "No matching role found for rst_controller:reset_out:reset_req (reset_req)"
Warning: garduino_sys_v1: "No matching role found for rst_controller:reset_out:reset_req (reset_req)"
Warning: garduino_sys_v1: "No matching role found for rst_controller:reset_out:reset_req (reset_req)"
Warning: garduino_sys_v1: "No matching role found for rst_controller:reset_out:reset_req (reset_req)"
Warning: garduino_sys_v1: "No matching role found for rst_controller:reset_out:reset_req (reset_req)"
Warning: garduino_sys_v1: "No matching role found for rst_controller:reset_out:reset_req (reset_req)"
Warning: garduino_sys_v1: "No matching role found for rst_controller:reset_out:reset_req (reset_req)"
Warning: garduino_sys_v1: "No matching role found for rst_controller:reset_out:reset_req (reset_req)"
Warning: garduino_sys_v1: "No matching role found for rst_controller:reset_out:reset_req (reset_req)"
Info: sys_cpu_v1: Starting RTL generation for module 'garduino_sys_v1_sys_cpu_v1'
Info: sys_cpu_v1:   Generation command is [exec D:/installed/quartus/quartus/../ip/altera/nios2_ip/altera_nios2/eperl.exe -I D:/installed/quartus/quartus/common/ip/altera/common/perl/5.8.3 -I D:/installed/quartus/quartus/sopc_builder/bin/europa -I D:/installed/quartus/quartus/sopc_builder/bin/perl_lib -I D:/installed/quartus/quartus/sopc_builder/bin -I D:/installed/quartus/quartus/../ip/altera/nios2_ip/altera_nios2/cpu_lib -I D:/installed/quartus/quartus/../ip/altera/nios2_ip/altera_nios2/nios_lib -I D:/installed/quartus/quartus/../ip/altera/nios2_ip/altera_nios2 -I D:/installed/quartus/quartus/../ip/altera/nios2_ip/altera_nios2 -- D:/installed/quartus/quartus/../ip/altera/nios2_ip/altera_nios2/generate_rtl.epl --name=garduino_sys_v1_sys_cpu_v1 --dir=C:/Users/aniss/AppData/Local/Temp/alt8440_8016343324703771610.dir/0001_sys_cpu_v1_gen/ --quartus_dir=D:/installed/quartus/quartus --vhdl --config=C:/Users/aniss/AppData/Local/Temp/alt8440_8016343324703771610.dir/0001_sys_cpu_v1_gen//garduino_sys_v1_sys_cpu_v1_processor_configuration.pl  --do_build_sim=1    --sim_dir=C:/Users/aniss/AppData/Local/Temp/alt8440_8016343324703771610.dir/0001_sys_cpu_v1_gen/    --bogus  ]
Info: sys_cpu_v1: # 2020.06.27 23:39:14 (*) Starting Nios II generation
Info: sys_cpu_v1: # 2020.06.27 23:39:14 (*)   Checking for plaintext license.
Info: sys_cpu_v1: # 2020.06.27 23:39:14 (*)   Couldn't query license setup in Quartus directory D:/installed/quartus/quartus
Info: sys_cpu_v1: # 2020.06.27 23:39:14 (*)   Defaulting to contents of LM_LICENSE_FILE environment variable
Info: sys_cpu_v1: # 2020.06.27 23:39:14 (*)   LM_LICENSE_FILE environment variable is empty
Info: sys_cpu_v1: # 2020.06.27 23:39:14 (*)   Plaintext license not found.
Info: sys_cpu_v1: # 2020.06.27 23:39:14 (*)   No license required to generate encrypted Nios II/e.
Info: sys_cpu_v1: # 2020.06.27 23:39:14 (*)   Elaborating CPU configuration settings
Info: sys_cpu_v1: # 2020.06.27 23:39:14 (*)   Creating all objects for CPU
Info: sys_cpu_v1: # 2020.06.27 23:39:16 (*)   Creating 'C:/Users/aniss/AppData/Local/Temp/alt8440_8016343324703771610.dir/0001_sys_cpu_v1_gen//garduino_sys_v1_sys_cpu_v1_nios2_waves.do'
Info: sys_cpu_v1: # 2020.06.27 23:39:16 (*)   Generating RTL from CPU objects
Info: sys_cpu_v1: # 2020.06.27 23:39:16 (*)   Creating plain-text RTL
Info: sys_cpu_v1: # 2020.06.27 23:39:20 (*) Done Nios II generation
Info: sys_cpu_v1: Done RTL generation for module 'garduino_sys_v1_sys_cpu_v1'
Info: sys_cpu_v1: "garduino_sys_v1" instantiated altera_nios2_qsys "sys_cpu_v1"
Info: sys_clk: Starting Generation of Required Clocks for DE-Series Boards
Info: sys_clk: "garduino_sys_v1" instantiated altera_up_clocks "sys_clk"
Info: onchip_memory2: Starting RTL generation for module 'garduino_sys_v1_onchip_memory2'
Info: onchip_memory2:   Generation command is [exec D:/installed/quartus/quartus/bin/perl/bin/perl.exe -I D:/installed/quartus/quartus/common/ip/altera/common/perl/5.8.3 -I D:/installed/quartus/quartus/sopc_builder/bin/europa -I D:/installed/quartus/quartus/sopc_builder/bin/perl_lib -I D:/installed/quartus/quartus/sopc_builder/bin -I D:/installed/quartus/quartus/../ip/altera/sopc_builder_ip/common -I D:/installed/quartus/quartus/../ip/altera/sopc_builder_ip/altera_avalon_onchip_memory2 -- D:/installed/quartus/quartus/../ip/altera/sopc_builder_ip/altera_avalon_onchip_memory2/generate_rtl.pl --name=garduino_sys_v1_onchip_memory2 --dir=C:/Users/aniss/AppData/Local/Temp/alt8440_8016343324703771610.dir/0003_onchip_memory2_gen/ --quartus_dir=D:/installed/quartus/quartus --vhdl --config=C:/Users/aniss/AppData/Local/Temp/alt8440_8016343324703771610.dir/0003_onchip_memory2_gen//garduino_sys_v1_onchip_memory2_component_configuration.pl  --do_build_sim=1    --sim_dir=C:/Users/aniss/AppData/Local/Temp/alt8440_8016343324703771610.dir/0003_onchip_memory2_gen/  ]
Info: onchip_memory2: Done RTL generation for module 'garduino_sys_v1_onchip_memory2'
Info: onchip_memory2: "garduino_sys_v1" instantiated altera_avalon_onchip_memory2 "onchip_memory2"
Info: sdram_controller: Starting RTL generation for module 'garduino_sys_v1_sdram_controller'
Info: sdram_controller:   Generation command is [exec D:/installed/quartus/quartus/bin/perl/bin/perl.exe -I D:/installed/quartus/quartus/common/ip/altera/common/perl/5.8.3 -I D:/installed/quartus/quartus/sopc_builder/bin/europa -I D:/installed/quartus/quartus/sopc_builder/bin/perl_lib -I D:/installed/quartus/quartus/sopc_builder/bin -I D:/installed/quartus/quartus/../ip/altera/sopc_builder_ip/common -I D:/installed/quartus/quartus/../ip/altera/sopc_builder_ip/altera_avalon_new_sdram_controller -- D:/installed/quartus/quartus/../ip/altera/sopc_builder_ip/altera_avalon_new_sdram_controller/generate_rtl.pl --name=garduino_sys_v1_sdram_controller --dir=C:/Users/aniss/AppData/Local/Temp/alt8440_8016343324703771610.dir/0004_sdram_controller_gen/ --quartus_dir=D:/installed/quartus/quartus --vhdl --config=C:/Users/aniss/AppData/Local/Temp/alt8440_8016343324703771610.dir/0004_sdram_controller_gen//garduino_sys_v1_sdram_controller_component_configuration.pl  --do_build_sim=1    --sim_dir=C:/Users/aniss/AppData/Local/Temp/alt8440_8016343324703771610.dir/0004_sdram_controller_gen/  ]
Info: sdram_controller: Done RTL generation for module 'garduino_sys_v1_sdram_controller'
Info: sdram_controller: "garduino_sys_v1" instantiated altera_avalon_new_sdram_controller "sdram_controller"
Info: jtag_uart: Starting RTL generation for module 'garduino_sys_v1_jtag_uart'
Info: jtag_uart:   Generation command is [exec D:/installed/quartus/quartus/bin/perl/bin/perl.exe -I D:/installed/quartus/quartus/common/ip/altera/common/perl/5.8.3 -I D:/installed/quartus/quartus/sopc_builder/bin/europa -I D:/installed/quartus/quartus/sopc_builder/bin/perl_lib -I D:/installed/quartus/quartus/sopc_builder/bin -I D:/installed/quartus/quartus/../ip/altera/sopc_builder_ip/common -I D:/installed/quartus/quartus/../ip/altera/sopc_builder_ip/altera_avalon_jtag_uart -- D:/installed/quartus/quartus/../ip/altera/sopc_builder_ip/altera_avalon_jtag_uart/generate_rtl.pl --name=garduino_sys_v1_jtag_uart --dir=C:/Users/aniss/AppData/Local/Temp/alt8440_8016343324703771610.dir/0005_jtag_uart_gen/ --quartus_dir=D:/installed/quartus/quartus --vhdl --config=C:/Users/aniss/AppData/Local/Temp/alt8440_8016343324703771610.dir/0005_jtag_uart_gen//garduino_sys_v1_jtag_uart_component_configuration.pl  --do_build_sim=1    --sim_dir=C:/Users/aniss/AppData/Local/Temp/alt8440_8016343324703771610.dir/0005_jtag_uart_gen/  ]
Info: jtag_uart: Done RTL generation for module 'garduino_sys_v1_jtag_uart'
Info: jtag_uart: "garduino_sys_v1" instantiated altera_avalon_jtag_uart "jtag_uart"
Info: bluetooth_uart: Starting RTL generation for module 'garduino_sys_v1_bluetooth_uart'
Info: bluetooth_uart:   Generation command is [exec D:/installed/quartus/quartus/bin/perl/bin/perl.exe -I D:/installed/quartus/quartus/common/ip/altera/common/perl/5.8.3 -I D:/installed/quartus/quartus/sopc_builder/bin/europa -I D:/installed/quartus/quartus/sopc_builder/bin/perl_lib -I D:/installed/quartus/quartus/sopc_builder/bin -I D:/installed/quartus/quartus/../ip/altera/sopc_builder_ip/common -I D:/installed/quartus/quartus/../ip/altera/sopc_builder_ip/altera_avalon_uart -- D:/installed/quartus/quartus/../ip/altera/sopc_builder_ip/altera_avalon_uart/generate_rtl.pl --name=garduino_sys_v1_bluetooth_uart --dir=C:/Users/aniss/AppData/Local/Temp/alt8440_8016343324703771610.dir/0006_bluetooth_uart_gen/ --quartus_dir=D:/installed/quartus/quartus --vhdl --config=C:/Users/aniss/AppData/Local/Temp/alt8440_8016343324703771610.dir/0006_bluetooth_uart_gen//garduino_sys_v1_bluetooth_uart_component_configuration.pl  --do_build_sim=1    --sim_dir=C:/Users/aniss/AppData/Local/Temp/alt8440_8016343324703771610.dir/0006_bluetooth_uart_gen/  ]
Info: bluetooth_uart: Done RTL generation for module 'garduino_sys_v1_bluetooth_uart'
Info: bluetooth_uart: "garduino_sys_v1" instantiated altera_avalon_uart "bluetooth_uart"
Info: sysid: Generating VHDL simulation model
Warning: Parallel compilation is not licensed and has been disabled
Info: sysid: Generated simulation model garduino_sys_v1_sysid.vho
Info: sysid: "garduino_sys_v1" instantiated altera_avalon_sysid_qsys "sysid"
Info: green_leds: Starting RTL generation for module 'garduino_sys_v1_green_leds'
Info: green_leds:   Generation command is [exec D:/installed/quartus/quartus/bin/perl/bin/perl.exe -I D:/installed/quartus/quartus/common/ip/altera/common/perl/5.8.3 -I D:/installed/quartus/quartus/sopc_builder/bin/europa -I D:/installed/quartus/quartus/sopc_builder/bin/perl_lib -I D:/installed/quartus/quartus/sopc_builder/bin -I D:/installed/quartus/quartus/../ip/altera/sopc_builder_ip/common -I D:/installed/quartus/quartus/../ip/altera/sopc_builder_ip/altera_avalon_pio -- D:/installed/quartus/quartus/../ip/altera/sopc_builder_ip/altera_avalon_pio/generate_rtl.pl --name=garduino_sys_v1_green_leds --dir=C:/Users/aniss/AppData/Local/Temp/alt8440_8016343324703771610.dir/0010_green_leds_gen/ --quartus_dir=D:/installed/quartus/quartus --vhdl --config=C:/Users/aniss/AppData/Local/Temp/alt8440_8016343324703771610.dir/0010_green_leds_gen//garduino_sys_v1_green_leds_component_configuration.pl  --do_build_sim=1    --sim_dir=C:/Users/aniss/AppData/Local/Temp/alt8440_8016343324703771610.dir/0010_green_leds_gen/  ]
Info: green_leds: Done RTL generation for module 'garduino_sys_v1_green_leds'
Info: green_leds: "garduino_sys_v1" instantiated altera_avalon_pio "green_leds"
Info: switches: Starting RTL generation for module 'garduino_sys_v1_switches'
Info: switches:   Generation command is [exec D:/installed/quartus/quartus/bin/perl/bin/perl.exe -I D:/installed/quartus/quartus/common/ip/altera/common/perl/5.8.3 -I D:/installed/quartus/quartus/sopc_builder/bin/europa -I D:/installed/quartus/quartus/sopc_builder/bin/perl_lib -I D:/installed/quartus/quartus/sopc_builder/bin -I D:/installed/quartus/quartus/../ip/altera/sopc_builder_ip/common -I D:/installed/quartus/quartus/../ip/altera/sopc_builder_ip/altera_avalon_pio -- D:/installed/quartus/quartus/../ip/altera/sopc_builder_ip/altera_avalon_pio/generate_rtl.pl --name=garduino_sys_v1_switches --dir=C:/Users/aniss/AppData/Local/Temp/alt8440_8016343324703771610.dir/0011_switches_gen/ --quartus_dir=D:/installed/quartus/quartus --vhdl --config=C:/Users/aniss/AppData/Local/Temp/alt8440_8016343324703771610.dir/0011_switches_gen//garduino_sys_v1_switches_component_configuration.pl  --do_build_sim=1    --sim_dir=C:/Users/aniss/AppData/Local/Temp/alt8440_8016343324703771610.dir/0011_switches_gen/  ]
Info: switches: Done RTL generation for module 'garduino_sys_v1_switches'
Info: switches: "garduino_sys_v1" instantiated altera_avalon_pio "switches"
Info: tem_data: Starting RTL generation for module 'garduino_sys_v1_tem_data'
Info: tem_data:   Generation command is [exec D:/installed/quartus/quartus/bin/perl/bin/perl.exe -I D:/installed/quartus/quartus/common/ip/altera/common/perl/5.8.3 -I D:/installed/quartus/quartus/sopc_builder/bin/europa -I D:/installed/quartus/quartus/sopc_builder/bin/perl_lib -I D:/installed/quartus/quartus/sopc_builder/bin -I D:/installed/quartus/quartus/../ip/altera/sopc_builder_ip/common -I D:/installed/quartus/quartus/../ip/altera/sopc_builder_ip/altera_avalon_pio -- D:/installed/quartus/quartus/../ip/altera/sopc_builder_ip/altera_avalon_pio/generate_rtl.pl --name=garduino_sys_v1_tem_data --dir=C:/Users/aniss/AppData/Local/Temp/alt8440_8016343324703771610.dir/0012_tem_data_gen/ --quartus_dir=D:/installed/quartus/quartus --vhdl --config=C:/Users/aniss/AppData/Local/Temp/alt8440_8016343324703771610.dir/0012_tem_data_gen//garduino_sys_v1_tem_data_component_configuration.pl  --do_build_sim=1    --sim_dir=C:/Users/aniss/AppData/Local/Temp/alt8440_8016343324703771610.dir/0012_tem_data_gen/  ]
Info: tem_data: Done RTL generation for module 'garduino_sys_v1_tem_data'
Info: tem_data: "garduino_sys_v1" instantiated altera_avalon_pio "tem_data"
Info: adc_data: Starting RTL generation for module 'garduino_sys_v1_adc_data'
Info: adc_data:   Generation command is [exec D:/installed/quartus/quartus/bin/perl/bin/perl.exe -I D:/installed/quartus/quartus/common/ip/altera/common/perl/5.8.3 -I D:/installed/quartus/quartus/sopc_builder/bin/europa -I D:/installed/quartus/quartus/sopc_builder/bin/perl_lib -I D:/installed/quartus/quartus/sopc_builder/bin -I D:/installed/quartus/quartus/../ip/altera/sopc_builder_ip/common -I D:/installed/quartus/quartus/../ip/altera/sopc_builder_ip/altera_avalon_pio -- D:/installed/quartus/quartus/../ip/altera/sopc_builder_ip/altera_avalon_pio/generate_rtl.pl --name=garduino_sys_v1_adc_data --dir=C:/Users/aniss/AppData/Local/Temp/alt8440_8016343324703771610.dir/0013_adc_data_gen/ --quartus_dir=D:/installed/quartus/quartus --vhdl --config=C:/Users/aniss/AppData/Local/Temp/alt8440_8016343324703771610.dir/0013_adc_data_gen//garduino_sys_v1_adc_data_component_configuration.pl  --do_build_sim=1    --sim_dir=C:/Users/aniss/AppData/Local/Temp/alt8440_8016343324703771610.dir/0013_adc_data_gen/  ]
Info: adc_data: Done RTL generation for module 'garduino_sys_v1_adc_data'
Info: adc_data: "garduino_sys_v1" instantiated altera_avalon_pio "adc_data"
Info: sys_cpu_v1_instruction_master_translator: "garduino_sys_v1" instantiated altera_merlin_master_translator "sys_cpu_v1_instruction_master_translator"
Info: sys_cpu_v1_jtag_debug_module_translator: "garduino_sys_v1" instantiated altera_merlin_slave_translator "sys_cpu_v1_jtag_debug_module_translator"
Info: sys_cpu_v1_instruction_master_translator_avalon_universal_master_0_agent: "garduino_sys_v1" instantiated altera_merlin_master_agent "sys_cpu_v1_instruction_master_translator_avalon_universal_master_0_agent"
Info: sys_cpu_v1_jtag_debug_module_translator_avalon_universal_slave_0_agent: "garduino_sys_v1" instantiated altera_merlin_slave_agent "sys_cpu_v1_jtag_debug_module_translator_avalon_universal_slave_0_agent"
Info: sys_cpu_v1_jtag_debug_module_translator_avalon_universal_slave_0_agent_rsp_fifo: Generating VHDL simulation model
Warning: Parallel compilation is not licensed and has been disabled
Info: sys_cpu_v1_jtag_debug_module_translator_avalon_universal_slave_0_agent_rsp_fifo: Generated simulation model garduino_sys_v1_sys_cpu_v1_jtag_debug_module_translator_avalon_universal_slave_0_agent_rsp_fifo.vho
Info: sys_cpu_v1_jtag_debug_module_translator_avalon_universal_slave_0_agent_rsp_fifo: "garduino_sys_v1" instantiated altera_avalon_sc_fifo "sys_cpu_v1_jtag_debug_module_translator_avalon_universal_slave_0_agent_rsp_fifo"
Info: sdram_controller_s1_translator_avalon_universal_slave_0_agent_rsp_fifo: Generating VHDL simulation model
Warning: Parallel compilation is not licensed and has been disabled
Info: sdram_controller_s1_translator_avalon_universal_slave_0_agent_rsp_fifo: Generated simulation model garduino_sys_v1_sdram_controller_s1_translator_avalon_universal_slave_0_agent_rsp_fifo.vho
Info: sdram_controller_s1_translator_avalon_universal_slave_0_agent_rsp_fifo: "garduino_sys_v1" instantiated altera_avalon_sc_fifo "sdram_controller_s1_translator_avalon_universal_slave_0_agent_rsp_fifo"
Info: sdram_controller_s1_translator_avalon_universal_slave_0_agent_rdata_fifo: Generating VHDL simulation model
Warning: Parallel compilation is not licensed and has been disabled
Info: sdram_controller_s1_translator_avalon_universal_slave_0_agent_rdata_fifo: Generated simulation model garduino_sys_v1_sdram_controller_s1_translator_avalon_universal_slave_0_agent_rdata_fifo.vho
Info: sdram_controller_s1_translator_avalon_universal_slave_0_agent_rdata_fifo: "garduino_sys_v1" instantiated altera_avalon_sc_fifo "sdram_controller_s1_translator_avalon_universal_slave_0_agent_rdata_fifo"
Warning: Parallel compilation is not licensed and has been disabled
Info: addr_router: "garduino_sys_v1" instantiated altera_merlin_router "addr_router"
Warning: Parallel compilation is not licensed and has been disabled
Info: addr_router_001: "garduino_sys_v1" instantiated altera_merlin_router "addr_router_001"
Warning: Parallel compilation is not licensed and has been disabled
Info: id_router: "garduino_sys_v1" instantiated altera_merlin_router "id_router"
Warning: Parallel compilation is not licensed and has been disabled
Info: id_router_002: "garduino_sys_v1" instantiated altera_merlin_router "id_router_002"
Warning: Parallel compilation is not licensed and has been disabled
Info: id_router_003: "garduino_sys_v1" instantiated altera_merlin_router "id_router_003"
Info: burst_adapter: "garduino_sys_v1" instantiated altera_merlin_burst_adapter "burst_adapter"
Info: rst_controller: "garduino_sys_v1" instantiated altera_reset_controller "rst_controller"
Info: cmd_xbar_demux: Generating VHDL simulation model
Warning: Parallel compilation is not licensed and has been disabled
Info: cmd_xbar_demux: Generated simulation model garduino_sys_v1_cmd_xbar_demux.vho
Info: cmd_xbar_demux: "garduino_sys_v1" instantiated altera_merlin_demultiplexer "cmd_xbar_demux"
Info: cmd_xbar_demux_001: Generating VHDL simulation model
Warning: Parallel compilation is not licensed and has been disabled
Info: cmd_xbar_demux_001: Generated simulation model garduino_sys_v1_cmd_xbar_demux_001.vho
Info: cmd_xbar_demux_001: "garduino_sys_v1" instantiated altera_merlin_demultiplexer "cmd_xbar_demux_001"
Info: cmd_xbar_mux: Generating VHDL simulation model
Warning: Parallel compilation is not licensed and has been disabled
Info: cmd_xbar_mux: Generated simulation model garduino_sys_v1_cmd_xbar_mux.vho
Info: cmd_xbar_mux: "garduino_sys_v1" instantiated altera_merlin_multiplexer "cmd_xbar_mux"
Info: rsp_xbar_demux: Generating VHDL simulation model
Warning: Parallel compilation is not licensed and has been disabled
Info: rsp_xbar_demux: Generated simulation model garduino_sys_v1_rsp_xbar_demux.vho
Info: rsp_xbar_demux: "garduino_sys_v1" instantiated altera_merlin_demultiplexer "rsp_xbar_demux"
Info: rsp_xbar_demux_003: Generating VHDL simulation model
Warning: Parallel compilation is not licensed and has been disabled
Info: rsp_xbar_demux_003: Generated simulation model garduino_sys_v1_rsp_xbar_demux_003.vho
Info: rsp_xbar_demux_003: "garduino_sys_v1" instantiated altera_merlin_demultiplexer "rsp_xbar_demux_003"
Info: rsp_xbar_mux: Generating VHDL simulation model
Warning: Parallel compilation is not licensed and has been disabled
Info: rsp_xbar_mux: Generated simulation model garduino_sys_v1_rsp_xbar_mux.vho
Info: rsp_xbar_mux: "garduino_sys_v1" instantiated altera_merlin_multiplexer "rsp_xbar_mux"
Info: rsp_xbar_mux_001: Generating VHDL simulation model
Warning: Parallel compilation is not licensed and has been disabled
Info: rsp_xbar_mux_001: Generated simulation model garduino_sys_v1_rsp_xbar_mux_001.vho
Info: rsp_xbar_mux_001: "garduino_sys_v1" instantiated altera_merlin_multiplexer "rsp_xbar_mux_001"
Info: width_adapter: "garduino_sys_v1" instantiated altera_merlin_width_adapter "width_adapter"
Info: Reusing file D:/MasterProject/Garduino_v1/garduino_sys_v1/simulation/submodules/mentor/altera_merlin_address_alignment.sv
Info: Reusing file D:/MasterProject/Garduino_v1/garduino_sys_v1/simulation/submodules/mentor/altera_merlin_burst_uncompressor.sv
Info: Reusing file D:/MasterProject/Garduino_v1/garduino_sys_v1/simulation/submodules/aldec/altera_merlin_address_alignment.sv
Info: Reusing file D:/MasterProject/Garduino_v1/garduino_sys_v1/simulation/submodules/aldec/altera_merlin_burst_uncompressor.sv
Info: irq_mapper: Generating VHDL simulation model
Warning: Parallel compilation is not licensed and has been disabled
Info: irq_mapper: Generated simulation model garduino_sys_v1_irq_mapper.vho
Info: irq_mapper: "garduino_sys_v1" instantiated altera_irq_mapper "irq_mapper"
Info: garduino_sys_v1: Done garduino_sys_v1" with 35 modules, 232 files, 11027374 bytes
Info: ip-generate succeeded.
Info: Finished: Create simulation model
Info: Starting: Create Modelsim Project.
Info: sim-script-gen --spd=D:/MasterProject/Garduino_v1/garduino_sys_v1.spd --output-directory=D:/MasterProject/Garduino_v1/garduino_sys_v1/simulation/
Info: Doing: ip-make-simscript --spd=D:/MasterProject/Garduino_v1/garduino_sys_v1.spd --output-directory=D:/MasterProject/Garduino_v1/garduino_sys_v1/simulation/
Info: Generating the following file(s) for MODELSIM simulator in D:/MasterProject/Garduino_v1/garduino_sys_v1/simulation/ directory:
Info: 	mentor/msim_setup.tcl
Info: Skipping VCS script generation since VHDL file $QUARTUS_INSTALL_DIR/eda/sim_lib/altera_syn_attributes.vhd is required for simulation
Info: Generating the following file(s) for VCSMX simulator in D:/MasterProject/Garduino_v1/garduino_sys_v1/simulation/ directory:
Info: 	synopsys/vcsmx/synopsys_sim.setup
Info: 	synopsys/vcsmx/vcsmx_setup.sh
Info: Generating the following file(s) for NCSIM simulator in D:/MasterProject/Garduino_v1/garduino_sys_v1/simulation/ directory:
Info: 	cadence/cds.lib
Info: 	cadence/hdl.var
Info: 	cadence/ncsim_setup.sh
Info: 	27 .cds.lib files in cadence/cds_libs/ directory
Info: Generating the following file(s) for RIVIERAPRO simulator in D:/MasterProject/Garduino_v1/garduino_sys_v1/simulation/ directory:
Info: 	aldec/rivierapro_setup.tcl
Info: Finished: Create Modelsim Project.
Info: Starting: Create block symbol file (.bsf)
Info: ip-generate --project-directory=D:/MasterProject/Garduino_v1/ --output-directory=D:/MasterProject/Garduino_v1/garduino_sys_v1/ --report-file=bsf:D:/MasterProject/Garduino_v1/garduino_sys_v1.bsf --system-info=DEVICE_FAMILY="Cyclone II" --system-info=DEVICE=EP2C35F672C6 --system-info=DEVICE_SPEEDGRADE=6 --component-file=D:/MasterProject/Garduino_v1/garduino_sys_v1.qsys
Progress: Loading Garduino_v1/garduino_sys_v1.qsys
Progress: Reading input file
Progress: Adding clk_0 [clock_source 13.0]
Progress: Parameterizing module clk_0
Progress: Adding sys_cpu_v1 [altera_nios2_qsys 13.0]
Progress: Parameterizing module sys_cpu_v1
Progress: Adding sys_clk [altera_up_clocks 13.0]
Progress: Parameterizing module sys_clk
Progress: Adding onchip_memory2 [altera_avalon_onchip_memory2 13.0.1.99.2]
Progress: Parameterizing module onchip_memory2
Progress: Adding sdram_controller [altera_avalon_new_sdram_controller 13.0.1.99.2]
Progress: Parameterizing module sdram_controller
Progress: Adding jtag_uart [altera_avalon_jtag_uart 13.0.1.99.2]
Progress: Parameterizing module jtag_uart
Progress: Adding bluetooth_uart [altera_avalon_uart 13.0.1.99.2]
Progress: Parameterizing module bluetooth_uart
Progress: Adding sysid [altera_avalon_sysid_qsys 13.0]
Progress: Parameterizing module sysid
Progress: Adding green_leds [altera_avalon_pio 13.0.1.99.2]
Progress: Parameterizing module green_leds
Progress: Adding switches [altera_avalon_pio 13.0.1.99.2]
Progress: Parameterizing module switches
Progress: Adding tem_data [altera_avalon_pio 13.0.1.99.2]
Progress: Parameterizing module tem_data
Progress: Adding hum_data [altera_avalon_pio 13.0.1.99.2]
Progress: Parameterizing module hum_data
Progress: Adding adc_data [altera_avalon_pio 13.0.1.99.2]
Progress: Parameterizing module adc_data
Progress: Building connections
Progress: Parameterizing connections
Progress: Validating
Progress: Done reading input file
Info: garduino_sys_v1.sysid: System ID is not assigned automatically. Edit the System ID parameter to provide a unique ID
Info: garduino_sys_v1.sysid: Time stamp will be automatically updated when this component is generated.
Info: garduino_sys_v1.switches: PIO inputs are not hardwired in test bench. Undefined values will be read from PIO inputs during simulation.
Info: garduino_sys_v1.tem_data: PIO inputs are not hardwired in test bench. Undefined values will be read from PIO inputs during simulation.
Info: garduino_sys_v1.hum_data: PIO inputs are not hardwired in test bench. Undefined values will be read from PIO inputs during simulation.
Info: garduino_sys_v1.adc_data: PIO inputs are not hardwired in test bench. Undefined values will be read from PIO inputs during simulation.
Info: ip-generate succeeded.
Info: Finished: Create block symbol file (.bsf)
Info: 
Info: Starting: Create HDL design files for synthesis
Info: ip-generate --project-directory=D:/MasterProject/Garduino_v1/ --output-directory=D:/MasterProject/Garduino_v1/garduino_sys_v1/synthesis/ --file-set=QUARTUS_SYNTH --report-file=sopcinfo:D:/MasterProject/Garduino_v1/garduino_sys_v1.sopcinfo --report-file=html:D:/MasterProject/Garduino_v1/garduino_sys_v1.html --report-file=qip:D:/MasterProject/Garduino_v1/garduino_sys_v1/synthesis/garduino_sys_v1.qip --report-file=cmp:D:/MasterProject/Garduino_v1/garduino_sys_v1.cmp --report-file=svd --system-info=DEVICE_FAMILY="Cyclone II" --system-info=DEVICE=EP2C35F672C6 --system-info=DEVICE_SPEEDGRADE=6 --component-file=D:/MasterProject/Garduino_v1/garduino_sys_v1.qsys --language=VHDL
Progress: Loading Garduino_v1/garduino_sys_v1.qsys
Progress: Reading input file
Progress: Adding clk_0 [clock_source 13.0]
Progress: Parameterizing module clk_0
Progress: Adding sys_cpu_v1 [altera_nios2_qsys 13.0]
Progress: Parameterizing module sys_cpu_v1
Progress: Adding sys_clk [altera_up_clocks 13.0]
Progress: Parameterizing module sys_clk
Progress: Adding onchip_memory2 [altera_avalon_onchip_memory2 13.0.1.99.2]
Progress: Parameterizing module onchip_memory2
Progress: Adding sdram_controller [altera_avalon_new_sdram_controller 13.0.1.99.2]
Progress: Parameterizing module sdram_controller
Progress: Adding jtag_uart [altera_avalon_jtag_uart 13.0.1.99.2]
Progress: Parameterizing module jtag_uart
Progress: Adding bluetooth_uart [altera_avalon_uart 13.0.1.99.2]
Progress: Parameterizing module bluetooth_uart
Progress: Adding sysid [altera_avalon_sysid_qsys 13.0]
Progress: Parameterizing module sysid
Progress: Adding green_leds [altera_avalon_pio 13.0.1.99.2]
Progress: Parameterizing module green_leds
Progress: Adding switches [altera_avalon_pio 13.0.1.99.2]
Progress: Parameterizing module switches
Progress: Adding tem_data [altera_avalon_pio 13.0.1.99.2]
Progress: Parameterizing module tem_data
Progress: Adding hum_data [altera_avalon_pio 13.0.1.99.2]
Progress: Parameterizing module hum_data
Progress: Adding adc_data [altera_avalon_pio 13.0.1.99.2]
Progress: Parameterizing module adc_data
Progress: Building connections
Progress: Parameterizing connections
Progress: Validating
Progress: Done reading input file
Info: garduino_sys_v1.sysid: System ID is not assigned automatically. Edit the System ID parameter to provide a unique ID
Info: garduino_sys_v1.sysid: Time stamp will be automatically updated when this component is generated.
Info: garduino_sys_v1.switches: PIO inputs are not hardwired in test bench. Undefined values will be read from PIO inputs during simulation.
Info: garduino_sys_v1.tem_data: PIO inputs are not hardwired in test bench. Undefined values will be read from PIO inputs during simulation.
Info: garduino_sys_v1.hum_data: PIO inputs are not hardwired in test bench. Undefined values will be read from PIO inputs during simulation.
Info: garduino_sys_v1.adc_data: PIO inputs are not hardwired in test bench. Undefined values will be read from PIO inputs during simulation.
Info: garduino_sys_v1: Generating garduino_sys_v1 "garduino_sys_v1" for QUARTUS_SYNTH
Info: pipeline_bridge_swap_transform: After transform: 13 modules, 40 connections
Info: No custom instruction connections, skipping transform 
Info: merlin_translator_transform: After transform: 26 modules, 79 connections
Info: merlin_domain_transform: After transform: 52 modules, 214 connections
Info: merlin_router_transform: After transform: 65 modules, 253 connections
Info: merlin_burst_transform: After transform: 66 modules, 256 connections
Info: reset_adaptation_transform: After transform: 68 modules, 260 connections
Info: merlin_network_to_switch_transform: After transform: 93 modules, 314 connections
Info: merlin_width_transform: After transform: 95 modules, 320 connections
Info: merlin_mm_transform: After transform: 95 modules, 320 connections
Info: merlin_interrupt_mapper_transform: After transform: 96 modules, 323 connections
Warning: garduino_sys_v1: "No matching role found for bluetooth_uart:s1:dataavailable (dataavailable)"
Warning: garduino_sys_v1: "No matching role found for bluetooth_uart:s1:readyfordata (readyfordata)"
Warning: garduino_sys_v1: "No matching role found for rst_controller:reset_out:reset_req (reset_req)"
Warning: garduino_sys_v1: "No matching role found for rst_controller:reset_out:reset_req (reset_req)"
Warning: garduino_sys_v1: "No matching role found for rst_controller:reset_out:reset_req (reset_req)"
Warning: garduino_sys_v1: "No matching role found for rst_controller:reset_out:reset_req (reset_req)"
Warning: garduino_sys_v1: "No matching role found for rst_controller:reset_out:reset_req (reset_req)"
Warning: garduino_sys_v1: "No matching role found for rst_controller:reset_out:reset_req (reset_req)"
Warning: garduino_sys_v1: "No matching role found for rst_controller:reset_out:reset_req (reset_req)"
Warning: garduino_sys_v1: "No matching role found for rst_controller:reset_out:reset_req (reset_req)"
Warning: garduino_sys_v1: "No matching role found for rst_controller:reset_out:reset_req (reset_req)"
Warning: garduino_sys_v1: "No matching role found for rst_controller:reset_out:reset_req (reset_req)"
Warning: garduino_sys_v1: "No matching role found for rst_controller:reset_out:reset_req (reset_req)"
Warning: garduino_sys_v1: "No matching role found for rst_controller:reset_out:reset_req (reset_req)"
Warning: garduino_sys_v1: "No matching role found for rst_controller:reset_out:reset_req (reset_req)"
Warning: garduino_sys_v1: "No matching role found for rst_controller:reset_out:reset_req (reset_req)"
Warning: garduino_sys_v1: "No matching role found for rst_controller:reset_out:reset_req (reset_req)"
Warning: garduino_sys_v1: "No matching role found for rst_controller:reset_out:reset_req (reset_req)"
Warning: garduino_sys_v1: "No matching role found for rst_controller:reset_out:reset_req (reset_req)"
Warning: garduino_sys_v1: "No matching role found for rst_controller:reset_out:reset_req (reset_req)"
Warning: garduino_sys_v1: "No matching role found for rst_controller:reset_out:reset_req (reset_req)"
Warning: garduino_sys_v1: "No matching role found for rst_controller:reset_out:reset_req (reset_req)"
Warning: garduino_sys_v1: "No matching role found for rst_controller:reset_out:reset_req (reset_req)"
Warning: garduino_sys_v1: "No matching role found for rst_controller:reset_out:reset_req (reset_req)"
Warning: garduino_sys_v1: "No matching role found for rst_controller:reset_out:reset_req (reset_req)"
Warning: garduino_sys_v1: "No matching role found for rst_controller:reset_out:reset_req (reset_req)"
Warning: garduino_sys_v1: "No matching role found for rst_controller:reset_out:reset_req (reset_req)"
Warning: garduino_sys_v1: "No matching role found for rst_controller:reset_out:reset_req (reset_req)"
Warning: garduino_sys_v1: "No matching role found for rst_controller:reset_out:reset_req (reset_req)"
Warning: garduino_sys_v1: "No matching role found for rst_controller:reset_out:reset_req (reset_req)"
Warning: garduino_sys_v1: "No matching role found for rst_controller:reset_out:reset_req (reset_req)"
Warning: garduino_sys_v1: "No matching role found for rst_controller:reset_out:reset_req (reset_req)"
Warning: garduino_sys_v1: "No matching role found for rst_controller:reset_out:reset_req (reset_req)"
Warning: garduino_sys_v1: "No matching role found for rst_controller:reset_out:reset_req (reset_req)"
Warning: garduino_sys_v1: "No matching role found for rst_controller:reset_out:reset_req (reset_req)"
Warning: garduino_sys_v1: "No matching role found for rst_controller:reset_out:reset_req (reset_req)"
Warning: garduino_sys_v1: "No matching role found for rst_controller:reset_out:reset_req (reset_req)"
Warning: garduino_sys_v1: "No matching role found for rst_controller:reset_out:reset_req (reset_req)"
Warning: garduino_sys_v1: "No matching role found for rst_controller:reset_out:reset_req (reset_req)"
Warning: garduino_sys_v1: "No matching role found for rst_controller:reset_out:reset_req (reset_req)"
Warning: garduino_sys_v1: "No matching role found for rst_controller:reset_out:reset_req (reset_req)"
Warning: garduino_sys_v1: "No matching role found for rst_controller:reset_out:reset_req (reset_req)"
Warning: garduino_sys_v1: "No matching role found for rst_controller:reset_out:reset_req (reset_req)"
Warning: garduino_sys_v1: "No matching role found for rst_controller:reset_out:reset_req (reset_req)"
Warning: garduino_sys_v1: "No matching role found for rst_controller:reset_out:reset_req (reset_req)"
Warning: garduino_sys_v1: "No matching role found for rst_controller:reset_out:reset_req (reset_req)"
Warning: garduino_sys_v1: "No matching role found for rst_controller:reset_out:reset_req (reset_req)"
Warning: garduino_sys_v1: "No matching role found for rst_controller:reset_out:reset_req (reset_req)"
Warning: garduino_sys_v1: "No matching role found for rst_controller:reset_out:reset_req (reset_req)"
Warning: garduino_sys_v1: "No matching role found for rst_controller:reset_out:reset_req (reset_req)"
Warning: garduino_sys_v1: "No matching role found for rst_controller:reset_out:reset_req (reset_req)"
Warning: garduino_sys_v1: "No matching role found for rst_controller:reset_out:reset_req (reset_req)"
Warning: garduino_sys_v1: "No matching role found for rst_controller:reset_out:reset_req (reset_req)"
Warning: garduino_sys_v1: "No matching role found for rst_controller:reset_out:reset_req (reset_req)"
Warning: garduino_sys_v1: "No matching role found for rst_controller:reset_out:reset_req (reset_req)"
Warning: garduino_sys_v1: "No matching role found for rst_controller:reset_out:reset_req (reset_req)"
Warning: garduino_sys_v1: "No matching role found for rst_controller:reset_out:reset_req (reset_req)"
Warning: garduino_sys_v1: "No matching role found for rst_controller:reset_out:reset_req (reset_req)"
Warning: garduino_sys_v1: "No matching role found for rst_controller:reset_out:reset_req (reset_req)"
Warning: garduino_sys_v1: "No matching role found for rst_controller:reset_out:reset_req (reset_req)"
Warning: garduino_sys_v1: "No matching role found for rst_controller:reset_out:reset_req (reset_req)"
Warning: garduino_sys_v1: "No matching role found for rst_controller:reset_out:reset_req (reset_req)"
Warning: garduino_sys_v1: "No matching role found for rst_controller:reset_out:reset_req (reset_req)"
Warning: garduino_sys_v1: "No matching role found for rst_controller:reset_out:reset_req (reset_req)"
Warning: garduino_sys_v1: "No matching role found for rst_controller:reset_out:reset_req (reset_req)"
Warning: garduino_sys_v1: "No matching role found for rst_controller:reset_out:reset_req (reset_req)"
Warning: garduino_sys_v1: "No matching role found for rst_controller:reset_out:reset_req (reset_req)"
Warning: garduino_sys_v1: "No matching role found for rst_controller:reset_out:reset_req (reset_req)"
Warning: garduino_sys_v1: "No matching role found for rst_controller:reset_out:reset_req (reset_req)"
Warning: garduino_sys_v1: "No matching role found for rst_controller:reset_out:reset_req (reset_req)"
Warning: garduino_sys_v1: "No matching role found for rst_controller:reset_out:reset_req (reset_req)"
Warning: garduino_sys_v1: "No matching role found for rst_controller:reset_out:reset_req (reset_req)"
Warning: garduino_sys_v1: "No matching role found for rst_controller:reset_out:reset_req (reset_req)"
Warning: garduino_sys_v1: "No matching role found for rst_controller:reset_out:reset_req (reset_req)"
Warning: garduino_sys_v1: "No matching role found for rst_controller:reset_out:reset_req (reset_req)"
Warning: garduino_sys_v1: "No matching role found for rst_controller:reset_out:reset_req (reset_req)"
Warning: garduino_sys_v1: "No matching role found for rst_controller:reset_out:reset_req (reset_req)"
Warning: garduino_sys_v1: "No matching role found for rst_controller:reset_out:reset_req (reset_req)"
Warning: garduino_sys_v1: "No matching role found for rst_controller:reset_out:reset_req (reset_req)"
Warning: garduino_sys_v1: "No matching role found for rst_controller:reset_out:reset_req (reset_req)"
Warning: garduino_sys_v1: "No matching role found for rst_controller:reset_out:reset_req (reset_req)"
Warning: garduino_sys_v1: "No matching role found for rst_controller:reset_out:reset_req (reset_req)"
Warning: garduino_sys_v1: "No matching role found for rst_controller:reset_out:reset_req (reset_req)"
Warning: garduino_sys_v1: "No matching role found for rst_controller:reset_out:reset_req (reset_req)"
Warning: garduino_sys_v1: "No matching role found for rst_controller:reset_out:reset_req (reset_req)"
Warning: garduino_sys_v1: "No matching role found for rst_controller:reset_out:reset_req (reset_req)"
Warning: garduino_sys_v1: "No matching role found for rst_controller:reset_out:reset_req (reset_req)"
Warning: garduino_sys_v1: "No matching role found for rst_controller:reset_out:reset_req (reset_req)"
Warning: garduino_sys_v1: "No matching role found for rst_controller:reset_out:reset_req (reset_req)"
Warning: garduino_sys_v1: "No matching role found for rst_controller:reset_out:reset_req (reset_req)"
Warning: garduino_sys_v1: "No matching role found for rst_controller:reset_out:reset_req (reset_req)"
Warning: garduino_sys_v1: "No matching role found for rst_controller:reset_out:reset_req (reset_req)"
Warning: garduino_sys_v1: "No matching role found for rst_controller:reset_out:reset_req (reset_req)"
Info: sys_cpu_v1: Starting RTL generation for module 'garduino_sys_v1_sys_cpu_v1'
Info: sys_cpu_v1:   Generation command is [exec D:/installed/quartus/quartus/../ip/altera/nios2_ip/altera_nios2/eperl.exe -I D:/installed/quartus/quartus/common/ip/altera/common/perl/5.8.3 -I D:/installed/quartus/quartus/sopc_builder/bin/europa -I D:/installed/quartus/quartus/sopc_builder/bin/perl_lib -I D:/installed/quartus/quartus/sopc_builder/bin -I D:/installed/quartus/quartus/../ip/altera/nios2_ip/altera_nios2/cpu_lib -I D:/installed/quartus/quartus/../ip/altera/nios2_ip/altera_nios2/nios_lib -I D:/installed/quartus/quartus/../ip/altera/nios2_ip/altera_nios2 -I D:/installed/quartus/quartus/../ip/altera/nios2_ip/altera_nios2 -- D:/installed/quartus/quartus/../ip/altera/nios2_ip/altera_nios2/generate_rtl.epl --name=garduino_sys_v1_sys_cpu_v1 --dir=C:/Users/aniss/AppData/Local/Temp/alt8440_8016343324703771610.dir/0070_sys_cpu_v1_gen/ --quartus_dir=D:/installed/quartus/quartus --verilog --config=C:/Users/aniss/AppData/Local/Temp/alt8440_8016343324703771610.dir/0070_sys_cpu_v1_gen//garduino_sys_v1_sys_cpu_v1_processor_configuration.pl  --do_build_sim=0    --bogus  ]
Info: sys_cpu_v1: # 2020.06.27 23:39:56 (*) Starting Nios II generation
Info: sys_cpu_v1: # 2020.06.27 23:39:56 (*)   Checking for plaintext license.
Info: sys_cpu_v1: # 2020.06.27 23:39:57 (*)   Couldn't query license setup in Quartus directory D:/installed/quartus/quartus
Info: sys_cpu_v1: # 2020.06.27 23:39:57 (*)   Defaulting to contents of LM_LICENSE_FILE environment variable
Info: sys_cpu_v1: # 2020.06.27 23:39:57 (*)   LM_LICENSE_FILE environment variable is empty
Info: sys_cpu_v1: # 2020.06.27 23:39:57 (*)   Plaintext license not found.
Info: sys_cpu_v1: # 2020.06.27 23:39:57 (*)   No license required to generate encrypted Nios II/e.
Info: sys_cpu_v1: # 2020.06.27 23:39:57 (*)   Elaborating CPU configuration settings
Info: sys_cpu_v1: # 2020.06.27 23:39:57 (*)   Creating all objects for CPU
Info: sys_cpu_v1: # 2020.06.27 23:39:59 (*)   Generating RTL from CPU objects
Info: sys_cpu_v1: # 2020.06.27 23:39:59 (*)   Creating plain-text RTL
Info: sys_cpu_v1: # 2020.06.27 23:40:06 (*) Done Nios II generation
Info: sys_cpu_v1: Done RTL generation for module 'garduino_sys_v1_sys_cpu_v1'
Info: sys_cpu_v1: "garduino_sys_v1" instantiated altera_nios2_qsys "sys_cpu_v1"
Info: sys_clk: Starting Generation of Required Clocks for DE-Series Boards
Info: sys_clk: "garduino_sys_v1" instantiated altera_up_clocks "sys_clk"
Info: onchip_memory2: Starting RTL generation for module 'garduino_sys_v1_onchip_memory2'
Info: onchip_memory2:   Generation command is [exec D:/installed/quartus/quartus/bin/perl/bin/perl.exe -I D:/installed/quartus/quartus/common/ip/altera/common/perl/5.8.3 -I D:/installed/quartus/quartus/sopc_builder/bin/europa -I D:/installed/quartus/quartus/sopc_builder/bin/perl_lib -I D:/installed/quartus/quartus/sopc_builder/bin -I D:/installed/quartus/quartus/../ip/altera/sopc_builder_ip/common -I D:/installed/quartus/quartus/../ip/altera/sopc_builder_ip/altera_avalon_onchip_memory2 -- D:/installed/quartus/quartus/../ip/altera/sopc_builder_ip/altera_avalon_onchip_memory2/generate_rtl.pl --name=garduino_sys_v1_onchip_memory2 --dir=C:/Users/aniss/AppData/Local/Temp/alt8440_8016343324703771610.dir/0072_onchip_memory2_gen/ --quartus_dir=D:/installed/quartus/quartus --verilog --config=C:/Users/aniss/AppData/Local/Temp/alt8440_8016343324703771610.dir/0072_onchip_memory2_gen//garduino_sys_v1_onchip_memory2_component_configuration.pl  --do_build_sim=0  ]
Info: onchip_memory2: Done RTL generation for module 'garduino_sys_v1_onchip_memory2'
Info: onchip_memory2: "garduino_sys_v1" instantiated altera_avalon_onchip_memory2 "onchip_memory2"
Info: sdram_controller: Starting RTL generation for module 'garduino_sys_v1_sdram_controller'
Info: sdram_controller:   Generation command is [exec D:/installed/quartus/quartus/bin/perl/bin/perl.exe -I D:/installed/quartus/quartus/common/ip/altera/common/perl/5.8.3 -I D:/installed/quartus/quartus/sopc_builder/bin/europa -I D:/installed/quartus/quartus/sopc_builder/bin/perl_lib -I D:/installed/quartus/quartus/sopc_builder/bin -I D:/installed/quartus/quartus/../ip/altera/sopc_builder_ip/common -I D:/installed/quartus/quartus/../ip/altera/sopc_builder_ip/altera_avalon_new_sdram_controller -- D:/installed/quartus/quartus/../ip/altera/sopc_builder_ip/altera_avalon_new_sdram_controller/generate_rtl.pl --name=garduino_sys_v1_sdram_controller --dir=C:/Users/aniss/AppData/Local/Temp/alt8440_8016343324703771610.dir/0073_sdram_controller_gen/ --quartus_dir=D:/installed/quartus/quartus --verilog --config=C:/Users/aniss/AppData/Local/Temp/alt8440_8016343324703771610.dir/0073_sdram_controller_gen//garduino_sys_v1_sdram_controller_component_configuration.pl  --do_build_sim=0  ]
Info: sdram_controller: Done RTL generation for module 'garduino_sys_v1_sdram_controller'
Info: sdram_controller: "garduino_sys_v1" instantiated altera_avalon_new_sdram_controller "sdram_controller"
Info: jtag_uart: Starting RTL generation for module 'garduino_sys_v1_jtag_uart'
Info: jtag_uart:   Generation command is [exec D:/installed/quartus/quartus/bin/perl/bin/perl.exe -I D:/installed/quartus/quartus/common/ip/altera/common/perl/5.8.3 -I D:/installed/quartus/quartus/sopc_builder/bin/europa -I D:/installed/quartus/quartus/sopc_builder/bin/perl_lib -I D:/installed/quartus/quartus/sopc_builder/bin -I D:/installed/quartus/quartus/../ip/altera/sopc_builder_ip/common -I D:/installed/quartus/quartus/../ip/altera/sopc_builder_ip/altera_avalon_jtag_uart -- D:/installed/quartus/quartus/../ip/altera/sopc_builder_ip/altera_avalon_jtag_uart/generate_rtl.pl --name=garduino_sys_v1_jtag_uart --dir=C:/Users/aniss/AppData/Local/Temp/alt8440_8016343324703771610.dir/0074_jtag_uart_gen/ --quartus_dir=D:/installed/quartus/quartus --verilog --config=C:/Users/aniss/AppData/Local/Temp/alt8440_8016343324703771610.dir/0074_jtag_uart_gen//garduino_sys_v1_jtag_uart_component_configuration.pl  --do_build_sim=0  ]
Info: jtag_uart: Done RTL generation for module 'garduino_sys_v1_jtag_uart'
Info: jtag_uart: "garduino_sys_v1" instantiated altera_avalon_jtag_uart "jtag_uart"
Info: bluetooth_uart: Starting RTL generation for module 'garduino_sys_v1_bluetooth_uart'
Info: bluetooth_uart:   Generation command is [exec D:/installed/quartus/quartus/bin/perl/bin/perl.exe -I D:/installed/quartus/quartus/common/ip/altera/common/perl/5.8.3 -I D:/installed/quartus/quartus/sopc_builder/bin/europa -I D:/installed/quartus/quartus/sopc_builder/bin/perl_lib -I D:/installed/quartus/quartus/sopc_builder/bin -I D:/installed/quartus/quartus/../ip/altera/sopc_builder_ip/common -I D:/installed/quartus/quartus/../ip/altera/sopc_builder_ip/altera_avalon_uart -- D:/installed/quartus/quartus/../ip/altera/sopc_builder_ip/altera_avalon_uart/generate_rtl.pl --name=garduino_sys_v1_bluetooth_uart --dir=C:/Users/aniss/AppData/Local/Temp/alt8440_8016343324703771610.dir/0075_bluetooth_uart_gen/ --quartus_dir=D:/installed/quartus/quartus --verilog --config=C:/Users/aniss/AppData/Local/Temp/alt8440_8016343324703771610.dir/0075_bluetooth_uart_gen//garduino_sys_v1_bluetooth_uart_component_configuration.pl  --do_build_sim=0  ]
Info: bluetooth_uart: Done RTL generation for module 'garduino_sys_v1_bluetooth_uart'
Info: bluetooth_uart: "garduino_sys_v1" instantiated altera_avalon_uart "bluetooth_uart"
Info: sysid: "garduino_sys_v1" instantiated altera_avalon_sysid_qsys "sysid"
Info: green_leds: Starting RTL generation for module 'garduino_sys_v1_green_leds'
Info: green_leds:   Generation command is [exec D:/installed/quartus/quartus/bin/perl/bin/perl.exe -I D:/installed/quartus/quartus/common/ip/altera/common/perl/5.8.3 -I D:/installed/quartus/quartus/sopc_builder/bin/europa -I D:/installed/quartus/quartus/sopc_builder/bin/perl_lib -I D:/installed/quartus/quartus/sopc_builder/bin -I D:/installed/quartus/quartus/../ip/altera/sopc_builder_ip/common -I D:/installed/quartus/quartus/../ip/altera/sopc_builder_ip/altera_avalon_pio -- D:/installed/quartus/quartus/../ip/altera/sopc_builder_ip/altera_avalon_pio/generate_rtl.pl --name=garduino_sys_v1_green_leds --dir=C:/Users/aniss/AppData/Local/Temp/alt8440_8016343324703771610.dir/0077_green_leds_gen/ --quartus_dir=D:/installed/quartus/quartus --verilog --config=C:/Users/aniss/AppData/Local/Temp/alt8440_8016343324703771610.dir/0077_green_leds_gen//garduino_sys_v1_green_leds_component_configuration.pl  --do_build_sim=0  ]
Info: green_leds: Done RTL generation for module 'garduino_sys_v1_green_leds'
Info: green_leds: "garduino_sys_v1" instantiated altera_avalon_pio "green_leds"
Info: switches: Starting RTL generation for module 'garduino_sys_v1_switches'
Info: switches:   Generation command is [exec D:/installed/quartus/quartus/bin/perl/bin/perl.exe -I D:/installed/quartus/quartus/common/ip/altera/common/perl/5.8.3 -I D:/installed/quartus/quartus/sopc_builder/bin/europa -I D:/installed/quartus/quartus/sopc_builder/bin/perl_lib -I D:/installed/quartus/quartus/sopc_builder/bin -I D:/installed/quartus/quartus/../ip/altera/sopc_builder_ip/common -I D:/installed/quartus/quartus/../ip/altera/sopc_builder_ip/altera_avalon_pio -- D:/installed/quartus/quartus/../ip/altera/sopc_builder_ip/altera_avalon_pio/generate_rtl.pl --name=garduino_sys_v1_switches --dir=C:/Users/aniss/AppData/Local/Temp/alt8440_8016343324703771610.dir/0078_switches_gen/ --quartus_dir=D:/installed/quartus/quartus --verilog --config=C:/Users/aniss/AppData/Local/Temp/alt8440_8016343324703771610.dir/0078_switches_gen//garduino_sys_v1_switches_component_configuration.pl  --do_build_sim=0  ]
Info: switches: Done RTL generation for module 'garduino_sys_v1_switches'
Info: switches: "garduino_sys_v1" instantiated altera_avalon_pio "switches"
Info: tem_data: Starting RTL generation for module 'garduino_sys_v1_tem_data'
Info: tem_data:   Generation command is [exec D:/installed/quartus/quartus/bin/perl/bin/perl.exe -I D:/installed/quartus/quartus/common/ip/altera/common/perl/5.8.3 -I D:/installed/quartus/quartus/sopc_builder/bin/europa -I D:/installed/quartus/quartus/sopc_builder/bin/perl_lib -I D:/installed/quartus/quartus/sopc_builder/bin -I D:/installed/quartus/quartus/../ip/altera/sopc_builder_ip/common -I D:/installed/quartus/quartus/../ip/altera/sopc_builder_ip/altera_avalon_pio -- D:/installed/quartus/quartus/../ip/altera/sopc_builder_ip/altera_avalon_pio/generate_rtl.pl --name=garduino_sys_v1_tem_data --dir=C:/Users/aniss/AppData/Local/Temp/alt8440_8016343324703771610.dir/0079_tem_data_gen/ --quartus_dir=D:/installed/quartus/quartus --verilog --config=C:/Users/aniss/AppData/Local/Temp/alt8440_8016343324703771610.dir/0079_tem_data_gen//garduino_sys_v1_tem_data_component_configuration.pl  --do_build_sim=0  ]
Info: tem_data: Done RTL generation for module 'garduino_sys_v1_tem_data'
Info: tem_data: "garduino_sys_v1" instantiated altera_avalon_pio "tem_data"
Info: adc_data: Starting RTL generation for module 'garduino_sys_v1_adc_data'
Info: adc_data:   Generation command is [exec D:/installed/quartus/quartus/bin/perl/bin/perl.exe -I D:/installed/quartus/quartus/common/ip/altera/common/perl/5.8.3 -I D:/installed/quartus/quartus/sopc_builder/bin/europa -I D:/installed/quartus/quartus/sopc_builder/bin/perl_lib -I D:/installed/quartus/quartus/sopc_builder/bin -I D:/installed/quartus/quartus/../ip/altera/sopc_builder_ip/common -I D:/installed/quartus/quartus/../ip/altera/sopc_builder_ip/altera_avalon_pio -- D:/installed/quartus/quartus/../ip/altera/sopc_builder_ip/altera_avalon_pio/generate_rtl.pl --name=garduino_sys_v1_adc_data --dir=C:/Users/aniss/AppData/Local/Temp/alt8440_8016343324703771610.dir/0080_adc_data_gen/ --quartus_dir=D:/installed/quartus/quartus --verilog --config=C:/Users/aniss/AppData/Local/Temp/alt8440_8016343324703771610.dir/0080_adc_data_gen//garduino_sys_v1_adc_data_component_configuration.pl  --do_build_sim=0  ]
Info: adc_data: Done RTL generation for module 'garduino_sys_v1_adc_data'
Info: adc_data: "garduino_sys_v1" instantiated altera_avalon_pio "adc_data"
Info: sys_cpu_v1_instruction_master_translator: "garduino_sys_v1" instantiated altera_merlin_master_translator "sys_cpu_v1_instruction_master_translator"
Info: sys_cpu_v1_jtag_debug_module_translator: "garduino_sys_v1" instantiated altera_merlin_slave_translator "sys_cpu_v1_jtag_debug_module_translator"
Info: sys_cpu_v1_instruction_master_translator_avalon_universal_master_0_agent: "garduino_sys_v1" instantiated altera_merlin_master_agent "sys_cpu_v1_instruction_master_translator_avalon_universal_master_0_agent"
Info: sys_cpu_v1_jtag_debug_module_translator_avalon_universal_slave_0_agent: "garduino_sys_v1" instantiated altera_merlin_slave_agent "sys_cpu_v1_jtag_debug_module_translator_avalon_universal_slave_0_agent"
Info: sys_cpu_v1_jtag_debug_module_translator_avalon_universal_slave_0_agent_rsp_fifo: "garduino_sys_v1" instantiated altera_avalon_sc_fifo "sys_cpu_v1_jtag_debug_module_translator_avalon_universal_slave_0_agent_rsp_fifo"
Info: addr_router: "garduino_sys_v1" instantiated altera_merlin_router "addr_router"
Info: addr_router_001: "garduino_sys_v1" instantiated altera_merlin_router "addr_router_001"
Info: id_router: "garduino_sys_v1" instantiated altera_merlin_router "id_router"
Info: id_router_002: "garduino_sys_v1" instantiated altera_merlin_router "id_router_002"
Info: id_router_003: "garduino_sys_v1" instantiated altera_merlin_router "id_router_003"
Info: burst_adapter: "garduino_sys_v1" instantiated altera_merlin_burst_adapter "burst_adapter"
Info: rst_controller: "garduino_sys_v1" instantiated altera_reset_controller "rst_controller"
Info: cmd_xbar_demux: "garduino_sys_v1" instantiated altera_merlin_demultiplexer "cmd_xbar_demux"
Info: cmd_xbar_demux_001: "garduino_sys_v1" instantiated altera_merlin_demultiplexer "cmd_xbar_demux_001"
Info: cmd_xbar_mux: "garduino_sys_v1" instantiated altera_merlin_multiplexer "cmd_xbar_mux"
Info: rsp_xbar_demux: "garduino_sys_v1" instantiated altera_merlin_demultiplexer "rsp_xbar_demux"
Info: rsp_xbar_demux_003: "garduino_sys_v1" instantiated altera_merlin_demultiplexer "rsp_xbar_demux_003"
Info: rsp_xbar_mux: "garduino_sys_v1" instantiated altera_merlin_multiplexer "rsp_xbar_mux"
Info: Reusing file D:/MasterProject/Garduino_v1/garduino_sys_v1/synthesis/submodules/altera_merlin_arbitrator.sv
Info: rsp_xbar_mux_001: "garduino_sys_v1" instantiated altera_merlin_multiplexer "rsp_xbar_mux_001"
Info: Reusing file D:/MasterProject/Garduino_v1/garduino_sys_v1/synthesis/submodules/altera_merlin_arbitrator.sv
Info: width_adapter: "garduino_sys_v1" instantiated altera_merlin_width_adapter "width_adapter"
Info: Reusing file D:/MasterProject/Garduino_v1/garduino_sys_v1/synthesis/submodules/altera_merlin_address_alignment.sv
Info: Reusing file D:/MasterProject/Garduino_v1/garduino_sys_v1/synthesis/submodules/altera_merlin_burst_uncompressor.sv
Info: irq_mapper: "garduino_sys_v1" instantiated altera_irq_mapper "irq_mapper"
Info: garduino_sys_v1: Done garduino_sys_v1" with 33 modules, 167 files, 3363926 bytes
Info: ip-generate succeeded.
Info: Finished: Create HDL design files for synthesis
